{"C:\\Users\\Softlaptop\\Downloads\\Compressed\\product-managerv2-main\\app.js": {"path":"C:\\Users\\Softlaptop\\Downloads\\Compressed\\product-managerv2-main\\app.js","statementMap":{"0":{"start":{"line":1,"column":16},"end":{"line":1,"column":34}},"1":{"start":{"line":2,"column":17},"end":{"line":2,"column":36}},"2":{"start":{"line":3,"column":16},"end":{"line":3,"column":42}},"3":{"start":{"line":4,"column":13},"end":{"line":4,"column":28}},"4":{"start":{"line":5,"column":15},"end":{"line":5,"column":32}},"5":{"start":{"line":6,"column":15},"end":{"line":6,"column":44}},"6":{"start":{"line":7,"column":15},"end":{"line":7,"column":32}},"7":{"start":{"line":8,"column":22},"end":{"line":8,"column":55}},"8":{"start":{"line":9,"column":21},"end":{"line":9,"column":45}},"9":{"start":{"line":11,"column":19},"end":{"line":11,"column":49}},"10":{"start":{"line":12,"column":20},"end":{"line":12,"column":51}},"11":{"start":{"line":13,"column":19},"end":{"line":13,"column":49}},"12":{"start":{"line":14,"column":24},"end":{"line":14,"column":69}},"13":{"start":{"line":16,"column":0},"end":{"line":16,"column":16}},"14":{"start":{"line":19,"column":12},"end":{"line":19,"column":21}},"15":{"start":{"line":22,"column":12},"end":{"line":34,"column":2}},"16":{"start":{"line":31,"column":6},"end":{"line":31,"column":21}},"17":{"start":{"line":36,"column":0},"end":{"line":36,"column":30}},"18":{"start":{"line":37,"column":0},"end":{"line":37,"column":30}},"19":{"start":{"line":38,"column":0},"end":{"line":38,"column":48}},"20":{"start":{"line":41,"column":0},"end":{"line":41,"column":24}},"21":{"start":{"line":42,"column":0},"end":{"line":42,"column":48}},"22":{"start":{"line":45,"column":0},"end":{"line":45,"column":18}},"23":{"start":{"line":46,"column":0},"end":{"line":46,"column":25}},"24":{"start":{"line":47,"column":0},"end":{"line":47,"column":24}},"25":{"start":{"line":50,"column":0},"end":{"line":59,"column":4}},"26":{"start":{"line":62,"column":0},"end":{"line":66,"column":3}},"27":{"start":{"line":63,"column":2},"end":{"line":63,"column":44}},"28":{"start":{"line":64,"column":2},"end":{"line":64,"column":47}},"29":{"start":{"line":65,"column":2},"end":{"line":65,"column":9}},"30":{"start":{"line":69,"column":0},"end":{"line":69,"column":56}},"31":{"start":{"line":72,"column":0},"end":{"line":72,"column":29}},"32":{"start":{"line":75,"column":1},"end":{"line":75,"column":26}},"33":{"start":{"line":76,"column":0},"end":{"line":76,"column":31}},"34":{"start":{"line":77,"column":0},"end":{"line":77,"column":29}},"35":{"start":{"line":80,"column":0},"end":{"line":82,"column":3}},"36":{"start":{"line":81,"column":2},"end":{"line":81,"column":30}},"37":{"start":{"line":85,"column":0},"end":{"line":85,"column":21}}},"fnMap":{"0":{"name":"(anonymous_0)","decl":{"start":{"line":30,"column":8},"end":{"line":30,"column":9}},"loc":{"start":{"line":30,"column":24},"end":{"line":32,"column":5}},"line":30},"1":{"name":"(anonymous_1)","decl":{"start":{"line":62,"column":8},"end":{"line":62,"column":9}},"loc":{"start":{"line":62,"column":28},"end":{"line":66,"column":1}},"line":62},"2":{"name":"(anonymous_2)","decl":{"start":{"line":80,"column":13},"end":{"line":80,"column":14}},"loc":{"start":{"line":80,"column":27},"end":{"line":82,"column":1}},"line":80}},"branchMap":{"0":{"loc":{"start":{"line":51,"column":10},"end":{"line":51,"column":52}},"type":"binary-expr","locations":[{"start":{"line":51,"column":10},"end":{"line":51,"column":36}},{"start":{"line":51,"column":40},"end":{"line":51,"column":52}}],"line":51}},"s":{"0":2,"1":2,"2":2,"3":2,"4":2,"5":2,"6":2,"7":2,"8":2,"9":2,"10":2,"11":2,"12":2,"13":2,"14":2,"15":2,"16":0,"17":2,"18":2,"19":2,"20":2,"21":2,"22":2,"23":2,"24":2,"25":2,"26":2,"27":13,"28":13,"29":13,"30":2,"31":2,"32":2,"33":2,"34":2,"35":2,"36":0,"37":2},"f":{"0":0,"1":13,"2":0},"b":{"0":[2,0]},"_coverageSchema":"1a1c01bbd47fc00a2c39e90264f33305004495a9","hash":"9868e6247985107eb71ba50a7c27558b9cbe43f4"}
,"C:\\Users\\Softlaptop\\Downloads\\Compressed\\product-managerv2-main\\controllers\\auth.controller.js": {"path":"C:\\Users\\Softlaptop\\Downloads\\Compressed\\product-managerv2-main\\controllers\\auth.controller.js","statementMap":{"0":{"start":{"line":1,"column":15},"end":{"line":1,"column":34}},"1":{"start":{"line":2,"column":14},"end":{"line":2,"column":39}},"2":{"start":{"line":6,"column":17},"end":{"line":57,"column":1}},"3":{"start":{"line":7,"column":4},"end":{"line":7,"column":26}},"4":{"start":{"line":19,"column":8},"end":{"line":19,"column":16}},"5":{"start":{"line":21,"column":4},"end":{"line":26,"column":5}},"6":{"start":{"line":22,"column":8},"end":{"line":25,"column":11}},"7":{"start":{"line":28,"column":25},"end":{"line":28,"column":62}},"8":{"start":{"line":29,"column":4},"end":{"line":34,"column":5}},"9":{"start":{"line":30,"column":8},"end":{"line":33,"column":11}},"10":{"start":{"line":36,"column":27},"end":{"line":36,"column":58}},"11":{"start":{"line":38,"column":20},"end":{"line":48,"column":6}},"12":{"start":{"line":50,"column":4},"end":{"line":50,"column":31}},"13":{"start":{"line":52,"column":4},"end":{"line":56,"column":5}},"14":{"start":{"line":53,"column":8},"end":{"line":53,"column":31}},"15":{"start":{"line":55,"column":8},"end":{"line":55,"column":30}},"16":{"start":{"line":60,"column":14},"end":{"line":87,"column":1}},"17":{"start":{"line":61,"column":32},"end":{"line":61,"column":40}},"18":{"start":{"line":62,"column":17},"end":{"line":62,"column":54}},"19":{"start":{"line":63,"column":4},"end":{"line":63,"column":26}},"20":{"start":{"line":65,"column":4},"end":{"line":70,"column":5}},"21":{"start":{"line":66,"column":8},"end":{"line":69,"column":11}},"22":{"start":{"line":72,"column":28},"end":{"line":72,"column":73}},"23":{"start":{"line":73,"column":4},"end":{"line":78,"column":5}},"24":{"start":{"line":74,"column":8},"end":{"line":77,"column":11}},"25":{"start":{"line":80,"column":4},"end":{"line":80,"column":28}},"26":{"start":{"line":82,"column":4},"end":{"line":86,"column":5}},"27":{"start":{"line":83,"column":8},"end":{"line":83,"column":31}},"28":{"start":{"line":85,"column":8},"end":{"line":85,"column":30}},"29":{"start":{"line":90,"column":15},"end":{"line":94,"column":1}},"30":{"start":{"line":91,"column":4},"end":{"line":91,"column":26}},"31":{"start":{"line":92,"column":4},"end":{"line":92,"column":26}},"32":{"start":{"line":93,"column":4},"end":{"line":93,"column":32}},"33":{"start":{"line":95,"column":20},"end":{"line":97,"column":1}},"34":{"start":{"line":96,"column":4},"end":{"line":96,"column":24}},"35":{"start":{"line":99,"column":21},"end":{"line":102,"column":1}},"36":{"start":{"line":101,"column":4},"end":{"line":101,"column":25}},"37":{"start":{"line":106,"column":0},"end":{"line":112,"column":4}}},"fnMap":{"0":{"name":"(anonymous_0)","decl":{"start":{"line":6,"column":17},"end":{"line":6,"column":18}},"loc":{"start":{"line":6,"column":37},"end":{"line":57,"column":1}},"line":6},"1":{"name":"(anonymous_1)","decl":{"start":{"line":60,"column":14},"end":{"line":60,"column":15}},"loc":{"start":{"line":60,"column":34},"end":{"line":87,"column":1}},"line":60},"2":{"name":"(anonymous_2)","decl":{"start":{"line":90,"column":15},"end":{"line":90,"column":16}},"loc":{"start":{"line":90,"column":35},"end":{"line":94,"column":1}},"line":90},"3":{"name":"(anonymous_3)","decl":{"start":{"line":95,"column":20},"end":{"line":95,"column":21}},"loc":{"start":{"line":95,"column":34},"end":{"line":97,"column":1}},"line":95},"4":{"name":"(anonymous_4)","decl":{"start":{"line":99,"column":21},"end":{"line":99,"column":22}},"loc":{"start":{"line":99,"column":35},"end":{"line":102,"column":1}},"line":99}},"branchMap":{"0":{"loc":{"start":{"line":21,"column":4},"end":{"line":26,"column":5}},"type":"if","locations":[{"start":{"line":21,"column":4},"end":{"line":26,"column":5}},{"start":{},"end":{}}],"line":21},"1":{"loc":{"start":{"line":21,"column":8},"end":{"line":21,"column":89}},"type":"binary-expr","locations":[{"start":{"line":21,"column":8},"end":{"line":21,"column":18}},{"start":{"line":21,"column":22},"end":{"line":21,"column":31}},{"start":{"line":21,"column":35},"end":{"line":21,"column":42}},{"start":{"line":21,"column":46},"end":{"line":21,"column":53}},{"start":{"line":21,"column":57},"end":{"line":21,"column":66}},{"start":{"line":21,"column":70},"end":{"line":21,"column":76}},{"start":{"line":21,"column":80},"end":{"line":21,"column":89}}],"line":21},"2":{"loc":{"start":{"line":29,"column":4},"end":{"line":34,"column":5}},"type":"if","locations":[{"start":{"line":29,"column":4},"end":{"line":34,"column":5}},{"start":{},"end":{}}],"line":29},"3":{"loc":{"start":{"line":52,"column":4},"end":{"line":56,"column":5}},"type":"if","locations":[{"start":{"line":52,"column":4},"end":{"line":56,"column":5}},{"start":{"line":54,"column":11},"end":{"line":56,"column":5}}],"line":52},"4":{"loc":{"start":{"line":65,"column":4},"end":{"line":70,"column":5}},"type":"if","locations":[{"start":{"line":65,"column":4},"end":{"line":70,"column":5}},{"start":{},"end":{}}],"line":65},"5":{"loc":{"start":{"line":73,"column":4},"end":{"line":78,"column":5}},"type":"if","locations":[{"start":{"line":73,"column":4},"end":{"line":78,"column":5}},{"start":{},"end":{}}],"line":73},"6":{"loc":{"start":{"line":82,"column":4},"end":{"line":86,"column":5}},"type":"if","locations":[{"start":{"line":82,"column":4},"end":{"line":86,"column":5}},{"start":{"line":84,"column":11},"end":{"line":86,"column":5}}],"line":82},"7":{"loc":{"start":{"line":82,"column":8},"end":{"line":82,"column":56}},"type":"binary-expr","locations":[{"start":{"line":82,"column":8},"end":{"line":82,"column":31}},{"start":{"line":82,"column":35},"end":{"line":82,"column":56}}],"line":82}},"s":{"0":5,"1":5,"2":5,"3":5,"4":5,"5":5,"6":0,"7":5,"8":5,"9":0,"10":5,"11":5,"12":5,"13":5,"14":0,"15":5,"16":5,"17":5,"18":5,"19":5,"20":5,"21":1,"22":4,"23":4,"24":1,"25":3,"26":3,"27":0,"28":3,"29":5,"30":1,"31":1,"32":1,"33":5,"34":1,"35":5,"36":1,"37":5},"f":{"0":5,"1":5,"2":1,"3":1,"4":1},"b":{"0":[0,5],"1":[5,5,5,5,5,5,5],"2":[0,5],"3":[0,5],"4":[1,4],"5":[1,3],"6":[0,3],"7":[3,3]},"_coverageSchema":"1a1c01bbd47fc00a2c39e90264f33305004495a9","hash":"e0773e0562784efea8918956881328fc00c68a44"}
,"C:\\Users\\Softlaptop\\Downloads\\Compressed\\product-managerv2-main\\controllers\\product.controller.js": {"path":"C:\\Users\\Softlaptop\\Downloads\\Compressed\\product-managerv2-main\\controllers\\product.controller.js","statementMap":{"0":{"start":{"line":1,"column":17},"end":{"line":1,"column":45}},"1":{"start":{"line":4,"column":20},"end":{"line":21,"column":1}},"2":{"start":{"line":5,"column":48},"end":{"line":5,"column":78}},"3":{"start":{"line":6,"column":32},"end":{"line":6,"column":67}},"4":{"start":{"line":8,"column":4},"end":{"line":20,"column":5}},"5":{"start":{"line":9,"column":25},"end":{"line":9,"column":46}},"6":{"start":{"line":10,"column":8},"end":{"line":17,"column":11}},"7":{"start":{"line":19,"column":8},"end":{"line":19,"column":45}},"8":{"start":{"line":22,"column":27},"end":{"line":40,"column":1}},"9":{"start":{"line":23,"column":48},"end":{"line":23,"column":78}},"10":{"start":{"line":24,"column":32},"end":{"line":24,"column":67}},"11":{"start":{"line":26,"column":4},"end":{"line":39,"column":5}},"12":{"start":{"line":27,"column":25},"end":{"line":27,"column":46}},"13":{"start":{"line":28,"column":8},"end":{"line":35,"column":11}},"14":{"start":{"line":38,"column":8},"end":{"line":38,"column":45}},"15":{"start":{"line":42,"column":26},"end":{"line":47,"column":1}},"16":{"start":{"line":43,"column":4},"end":{"line":46,"column":7}},"17":{"start":{"line":50,"column":27},"end":{"line":62,"column":1}},"18":{"start":{"line":51,"column":4},"end":{"line":61,"column":5}},"19":{"start":{"line":52,"column":24},"end":{"line":52,"column":62}},"20":{"start":{"line":53,"column":8},"end":{"line":53,"column":71}},"21":{"start":{"line":53,"column":22},"end":{"line":53,"column":71}},"22":{"start":{"line":55,"column":8},"end":{"line":58,"column":11}},"23":{"start":{"line":60,"column":8},"end":{"line":60,"column":45}},"24":{"start":{"line":65,"column":22},"end":{"line":85,"column":1}},"25":{"start":{"line":66,"column":4},"end":{"line":84,"column":5}},"26":{"start":{"line":67,"column":8},"end":{"line":67,"column":30}},"27":{"start":{"line":68,"column":27},"end":{"line":77,"column":10}},"28":{"start":{"line":79,"column":8},"end":{"line":79,"column":32}},"29":{"start":{"line":80,"column":8},"end":{"line":80,"column":31}},"30":{"start":{"line":82,"column":8},"end":{"line":82,"column":29}},"31":{"start":{"line":83,"column":8},"end":{"line":83,"column":31}},"32":{"start":{"line":88,"column":22},"end":{"line":115,"column":1}},"33":{"start":{"line":89,"column":4},"end":{"line":114,"column":5}},"34":{"start":{"line":90,"column":26},"end":{"line":90,"column":39}},"35":{"start":{"line":92,"column":23},"end":{"line":104,"column":9}},"36":{"start":{"line":106,"column":8},"end":{"line":108,"column":9}},"37":{"start":{"line":107,"column":12},"end":{"line":107,"column":61}},"38":{"start":{"line":110,"column":8},"end":{"line":110,"column":31}},"39":{"start":{"line":112,"column":8},"end":{"line":112,"column":29}},"40":{"start":{"line":113,"column":8},"end":{"line":113,"column":31}},"41":{"start":{"line":118,"column":22},"end":{"line":132,"column":1}},"42":{"start":{"line":119,"column":4},"end":{"line":131,"column":5}},"43":{"start":{"line":120,"column":26},"end":{"line":120,"column":39}},"44":{"start":{"line":122,"column":23},"end":{"line":122,"column":67}},"45":{"start":{"line":123,"column":8},"end":{"line":125,"column":9}},"46":{"start":{"line":124,"column":12},"end":{"line":124,"column":61}},"47":{"start":{"line":127,"column":8},"end":{"line":127,"column":31}},"48":{"start":{"line":129,"column":8},"end":{"line":129,"column":29}},"49":{"start":{"line":130,"column":8},"end":{"line":130,"column":45}},"50":{"start":{"line":135,"column":22},"end":{"line":151,"column":1}},"51":{"start":{"line":136,"column":22},"end":{"line":136,"column":35}},"52":{"start":{"line":137,"column":21},"end":{"line":137,"column":50}},"53":{"start":{"line":139,"column":4},"end":{"line":150,"column":5}},"54":{"start":{"line":140,"column":24},"end":{"line":140,"column":58}},"55":{"start":{"line":141,"column":8},"end":{"line":141,"column":71}},"56":{"start":{"line":141,"column":22},"end":{"line":141,"column":71}},"57":{"start":{"line":143,"column":8},"end":{"line":143,"column":36}},"58":{"start":{"line":144,"column":8},"end":{"line":144,"column":29}},"59":{"start":{"line":146,"column":8},"end":{"line":146,"column":31}},"60":{"start":{"line":148,"column":8},"end":{"line":148,"column":29}},"61":{"start":{"line":149,"column":8},"end":{"line":149,"column":45}},"62":{"start":{"line":154,"column":23},"end":{"line":169,"column":1}},"63":{"start":{"line":155,"column":22},"end":{"line":155,"column":35}},"64":{"start":{"line":157,"column":4},"end":{"line":168,"column":5}},"65":{"start":{"line":158,"column":24},"end":{"line":158,"column":58}},"66":{"start":{"line":159,"column":8},"end":{"line":159,"column":71}},"67":{"start":{"line":159,"column":22},"end":{"line":159,"column":71}},"68":{"start":{"line":161,"column":8},"end":{"line":161,"column":29}},"69":{"start":{"line":162,"column":8},"end":{"line":162,"column":29}},"70":{"start":{"line":164,"column":8},"end":{"line":164,"column":31}},"71":{"start":{"line":166,"column":8},"end":{"line":166,"column":29}},"72":{"start":{"line":167,"column":8},"end":{"line":167,"column":45}},"73":{"start":{"line":171,"column":0},"end":{"line":181,"column":2}}},"fnMap":{"0":{"name":"(anonymous_0)","decl":{"start":{"line":4,"column":20},"end":{"line":4,"column":21}},"loc":{"start":{"line":4,"column":40},"end":{"line":21,"column":1}},"line":4},"1":{"name":"(anonymous_1)","decl":{"start":{"line":22,"column":27},"end":{"line":22,"column":28}},"loc":{"start":{"line":22,"column":47},"end":{"line":40,"column":1}},"line":22},"2":{"name":"(anonymous_2)","decl":{"start":{"line":42,"column":26},"end":{"line":42,"column":27}},"loc":{"start":{"line":42,"column":40},"end":{"line":47,"column":1}},"line":42},"3":{"name":"(anonymous_3)","decl":{"start":{"line":50,"column":27},"end":{"line":50,"column":28}},"loc":{"start":{"line":50,"column":47},"end":{"line":62,"column":1}},"line":50},"4":{"name":"(anonymous_4)","decl":{"start":{"line":65,"column":22},"end":{"line":65,"column":23}},"loc":{"start":{"line":65,"column":42},"end":{"line":85,"column":1}},"line":65},"5":{"name":"(anonymous_5)","decl":{"start":{"line":88,"column":22},"end":{"line":88,"column":23}},"loc":{"start":{"line":88,"column":42},"end":{"line":115,"column":1}},"line":88},"6":{"name":"(anonymous_6)","decl":{"start":{"line":118,"column":22},"end":{"line":118,"column":23}},"loc":{"start":{"line":118,"column":42},"end":{"line":132,"column":1}},"line":118},"7":{"name":"(anonymous_7)","decl":{"start":{"line":135,"column":22},"end":{"line":135,"column":23}},"loc":{"start":{"line":135,"column":42},"end":{"line":151,"column":1}},"line":135},"8":{"name":"(anonymous_8)","decl":{"start":{"line":154,"column":23},"end":{"line":154,"column":24}},"loc":{"start":{"line":154,"column":43},"end":{"line":169,"column":1}},"line":154}},"branchMap":{"0":{"loc":{"start":{"line":53,"column":8},"end":{"line":53,"column":71}},"type":"if","locations":[{"start":{"line":53,"column":8},"end":{"line":53,"column":71}},{"start":{},"end":{}}],"line":53},"1":{"loc":{"start":{"line":75,"column":22},"end":{"line":75,"column":44}},"type":"binary-expr","locations":[{"start":{"line":75,"column":22},"end":{"line":75,"column":39}},{"start":{"line":75,"column":43},"end":{"line":75,"column":44}}],"line":75},"2":{"loc":{"start":{"line":76,"column":20},"end":{"line":76,"column":74}},"type":"binary-expr","locations":[{"start":{"line":76,"column":20},"end":{"line":76,"column":46}},{"start":{"line":76,"column":50},"end":{"line":76,"column":74}}],"line":76},"3":{"loc":{"start":{"line":101,"column":30},"end":{"line":101,"column":52}},"type":"binary-expr","locations":[{"start":{"line":101,"column":30},"end":{"line":101,"column":47}},{"start":{"line":101,"column":51},"end":{"line":101,"column":52}}],"line":101},"4":{"loc":{"start":{"line":106,"column":8},"end":{"line":108,"column":9}},"type":"if","locations":[{"start":{"line":106,"column":8},"end":{"line":108,"column":9}},{"start":{},"end":{}}],"line":106},"5":{"loc":{"start":{"line":123,"column":8},"end":{"line":125,"column":9}},"type":"if","locations":[{"start":{"line":123,"column":8},"end":{"line":125,"column":9}},{"start":{},"end":{}}],"line":123},"6":{"loc":{"start":{"line":141,"column":8},"end":{"line":141,"column":71}},"type":"if","locations":[{"start":{"line":141,"column":8},"end":{"line":141,"column":71}},{"start":{},"end":{}}],"line":141},"7":{"loc":{"start":{"line":159,"column":8},"end":{"line":159,"column":71}},"type":"if","locations":[{"start":{"line":159,"column":8},"end":{"line":159,"column":71}},{"start":{},"end":{}}],"line":159}},"s":{"0":3,"1":3,"2":2,"3":2,"4":2,"5":2,"6":1,"7":1,"8":3,"9":1,"10":1,"11":1,"12":1,"13":1,"14":0,"15":3,"16":0,"17":3,"18":1,"19":1,"20":0,"21":0,"22":0,"23":1,"24":3,"25":1,"26":1,"27":1,"28":1,"29":1,"30":0,"31":0,"32":3,"33":1,"34":1,"35":1,"36":1,"37":0,"38":1,"39":0,"40":0,"41":3,"42":1,"43":1,"44":1,"45":1,"46":0,"47":1,"48":0,"49":0,"50":3,"51":0,"52":0,"53":0,"54":0,"55":0,"56":0,"57":0,"58":0,"59":0,"60":0,"61":0,"62":3,"63":0,"64":0,"65":0,"66":0,"67":0,"68":0,"69":0,"70":0,"71":0,"72":0,"73":3},"f":{"0":2,"1":1,"2":0,"3":1,"4":1,"5":1,"6":1,"7":0,"8":0},"b":{"0":[0,0],"1":[1,1],"2":[1,1],"3":[1,0],"4":[0,1],"5":[0,1],"6":[0,0],"7":[0,0]},"_coverageSchema":"1a1c01bbd47fc00a2c39e90264f33305004495a9","hash":"664a236b4820d96fd1be59e640073740eb0b47c6"}
,"C:\\Users\\Softlaptop\\Downloads\\Compressed\\product-managerv2-main\\helpers\\discount.js": {"path":"C:\\Users\\Softlaptop\\Downloads\\Compressed\\product-managerv2-main\\helpers\\discount.js","statementMap":{"0":{"start":{"line":1,"column":21},"end":{"line":5,"column":1}},"1":{"start":{"line":2,"column":4},"end":{"line":3,"column":20}},"2":{"start":{"line":3,"column":8},"end":{"line":3,"column":20}},"3":{"start":{"line":4,"column":4},"end":{"line":4,"column":17}},"4":{"start":{"line":7,"column":26},"end":{"line":10,"column":1}},"5":{"start":{"line":8,"column":4},"end":{"line":8,"column":60}},"6":{"start":{"line":9,"column":4},"end":{"line":9,"column":17}},"7":{"start":{"line":12,"column":0},"end":{"line":12,"column":51}}},"fnMap":{"0":{"name":"(anonymous_0)","decl":{"start":{"line":1,"column":21},"end":{"line":1,"column":22}},"loc":{"start":{"line":1,"column":35},"end":{"line":5,"column":1}},"line":1},"1":{"name":"(anonymous_1)","decl":{"start":{"line":7,"column":26},"end":{"line":7,"column":27}},"loc":{"start":{"line":7,"column":47},"end":{"line":10,"column":1}},"line":7}},"branchMap":{"0":{"loc":{"start":{"line":2,"column":4},"end":{"line":3,"column":20}},"type":"if","locations":[{"start":{"line":2,"column":4},"end":{"line":3,"column":20}},{"start":{},"end":{}}],"line":2}},"s":{"0":3,"1":3,"2":1,"3":2,"4":3,"5":3,"6":3,"7":3},"f":{"0":3,"1":3},"b":{"0":[1,2]},"_coverageSchema":"1a1c01bbd47fc00a2c39e90264f33305004495a9","hash":"f543d9d73204133aafbab8f42128ad3bada17158"}
,"C:\\Users\\Softlaptop\\Downloads\\Compressed\\product-managerv2-main\\helpers\\productFormat.js": {"path":"C:\\Users\\Softlaptop\\Downloads\\Compressed\\product-managerv2-main\\helpers\\productFormat.js","statementMap":{"0":{"start":{"line":1,"column":27},"end":{"line":1,"column":53}},"1":{"start":{"line":1,"column":36},"end":{"line":1,"column":53}},"2":{"start":{"line":2,"column":0},"end":{"line":2,"column":38}}},"fnMap":{"0":{"name":"(anonymous_0)","decl":{"start":{"line":1,"column":27},"end":{"line":1,"column":28}},"loc":{"start":{"line":1,"column":36},"end":{"line":1,"column":53}},"line":1}},"branchMap":{},"s":{"0":3,"1":4,"2":3},"f":{"0":4},"b":{},"_coverageSchema":"1a1c01bbd47fc00a2c39e90264f33305004495a9","hash":"ca684c5cc24df94aece51bed4bf4dccbfefa9bdc"}
,"C:\\Users\\Softlaptop\\Downloads\\Compressed\\product-managerv2-main\\middlewares\\auth\\isAdmin.js": {"path":"C:\\Users\\Softlaptop\\Downloads\\Compressed\\product-managerv2-main\\middlewares\\auth\\isAdmin.js","statementMap":{"0":{"start":{"line":2,"column":2},"end":{"line":4,"column":3}},"1":{"start":{"line":3,"column":4},"end":{"line":3,"column":18}},"2":{"start":{"line":5,"column":2},"end":{"line":5,"column":37}},"3":{"start":{"line":7,"column":0},"end":{"line":7,"column":25}}},"fnMap":{"0":{"name":"isAdmin","decl":{"start":{"line":1,"column":9},"end":{"line":1,"column":16}},"loc":{"start":{"line":1,"column":33},"end":{"line":6,"column":1}},"line":1}},"branchMap":{"0":{"loc":{"start":{"line":2,"column":2},"end":{"line":4,"column":3}},"type":"if","locations":[{"start":{"line":2,"column":2},"end":{"line":4,"column":3}},{"start":{},"end":{}}],"line":2},"1":{"loc":{"start":{"line":2,"column":6},"end":{"line":2,"column":50}},"type":"binary-expr","locations":[{"start":{"line":2,"column":6},"end":{"line":2,"column":22}},{"start":{"line":2,"column":26},"end":{"line":2,"column":50}}],"line":2}},"s":{"0":4,"1":1,"2":3,"3":3},"f":{"0":4},"b":{"0":[1,3],"1":[4,3]},"_coverageSchema":"1a1c01bbd47fc00a2c39e90264f33305004495a9","hash":"41850973005785f23fe40921d03aa97026608f5a"}
,"C:\\Users\\Softlaptop\\Downloads\\Compressed\\product-managerv2-main\\middlewares\\auth\\isAuthenticated.js": {"path":"C:\\Users\\Softlaptop\\Downloads\\Compressed\\product-managerv2-main\\middlewares\\auth\\isAuthenticated.js","statementMap":{"0":{"start":{"line":2,"column":2},"end":{"line":4,"column":3}},"1":{"start":{"line":3,"column":4},"end":{"line":3,"column":18}},"2":{"start":{"line":7,"column":2},"end":{"line":9,"column":3}},"3":{"start":{"line":8,"column":4},"end":{"line":8,"column":39}},"4":{"start":{"line":12,"column":2},"end":{"line":12,"column":59}},"5":{"start":{"line":15,"column":0},"end":{"line":15,"column":33}}},"fnMap":{"0":{"name":"isAuthenticated","decl":{"start":{"line":1,"column":9},"end":{"line":1,"column":24}},"loc":{"start":{"line":1,"column":41},"end":{"line":13,"column":1}},"line":1}},"branchMap":{"0":{"loc":{"start":{"line":2,"column":2},"end":{"line":4,"column":3}},"type":"if","locations":[{"start":{"line":2,"column":2},"end":{"line":4,"column":3}},{"start":{},"end":{}}],"line":2},"1":{"loc":{"start":{"line":7,"column":2},"end":{"line":9,"column":3}},"type":"if","locations":[{"start":{"line":7,"column":2},"end":{"line":9,"column":3}},{"start":{},"end":{}}],"line":7}},"s":{"0":6,"1":3,"2":3,"3":2,"4":1,"5":3},"f":{"0":6},"b":{"0":[3,3],"1":[2,1]},"_coverageSchema":"1a1c01bbd47fc00a2c39e90264f33305004495a9","hash":"a7fbec4ec1483b12c96b25b14d673e3f965a47b3"}
,"C:\\Users\\Softlaptop\\Downloads\\Compressed\\product-managerv2-main\\middlewares\\auth\\isUser.js": {"path":"C:\\Users\\Softlaptop\\Downloads\\Compressed\\product-managerv2-main\\middlewares\\auth\\isUser.js","statementMap":{"0":{"start":{"line":2,"column":2},"end":{"line":4,"column":3}},"1":{"start":{"line":3,"column":4},"end":{"line":3,"column":18}},"2":{"start":{"line":5,"column":2},"end":{"line":5,"column":37}},"3":{"start":{"line":7,"column":0},"end":{"line":7,"column":24}}},"fnMap":{"0":{"name":"isUser","decl":{"start":{"line":1,"column":9},"end":{"line":1,"column":15}},"loc":{"start":{"line":1,"column":32},"end":{"line":6,"column":1}},"line":1}},"branchMap":{"0":{"loc":{"start":{"line":2,"column":2},"end":{"line":4,"column":3}},"type":"if","locations":[{"start":{"line":2,"column":2},"end":{"line":4,"column":3}},{"start":{},"end":{}}],"line":2},"1":{"loc":{"start":{"line":2,"column":6},"end":{"line":2,"column":51}},"type":"binary-expr","locations":[{"start":{"line":2,"column":6},"end":{"line":2,"column":22}},{"start":{"line":2,"column":26},"end":{"line":2,"column":51}}],"line":2}},"s":{"0":4,"1":2,"2":2,"3":3},"f":{"0":4},"b":{"0":[2,2],"1":[4,3]},"_coverageSchema":"1a1c01bbd47fc00a2c39e90264f33305004495a9","hash":"74004ebdfb02bb08bae40cccd8e2cf7a57cc876d"}
,"C:\\Users\\Softlaptop\\Downloads\\Compressed\\product-managerv2-main\\middlewares\\security\\checkPasswordStrength.js": {"path":"C:\\Users\\Softlaptop\\Downloads\\Compressed\\product-managerv2-main\\middlewares\\security\\checkPasswordStrength.js","statementMap":{"0":{"start":{"line":1,"column":15},"end":{"line":1,"column":32}},"1":{"start":{"line":4,"column":23},"end":{"line":4,"column":31}},"2":{"start":{"line":5,"column":19},"end":{"line":5,"column":35}},"3":{"start":{"line":6,"column":2},"end":{"line":10,"column":3}},"4":{"start":{"line":7,"column":4},"end":{"line":9,"column":7}},"5":{"start":{"line":11,"column":2},"end":{"line":11,"column":9}},"6":{"start":{"line":13,"column":0},"end":{"line":13,"column":39}}},"fnMap":{"0":{"name":"checkPasswordStrength","decl":{"start":{"line":3,"column":9},"end":{"line":3,"column":30}},"loc":{"start":{"line":3,"column":47},"end":{"line":12,"column":1}},"line":3}},"branchMap":{"0":{"loc":{"start":{"line":6,"column":2},"end":{"line":10,"column":3}},"type":"if","locations":[{"start":{"line":6,"column":2},"end":{"line":10,"column":3}},{"start":{},"end":{}}],"line":6}},"s":{"0":2,"1":5,"2":5,"3":5,"4":1,"5":4,"6":2},"f":{"0":5},"b":{"0":[1,4]},"_coverageSchema":"1a1c01bbd47fc00a2c39e90264f33305004495a9","hash":"dbbddde953acdb2ebcbcd6fe302f590e137cfaee"}
,"C:\\Users\\Softlaptop\\Downloads\\Compressed\\product-managerv2-main\\middlewares\\validators\\signupValidator.js": {"path":"C:\\Users\\Softlaptop\\Downloads\\Compressed\\product-managerv2-main\\middlewares\\validators\\signupValidator.js","statementMap":{"0":{"start":{"line":1,"column":36},"end":{"line":1,"column":64}},"1":{"start":{"line":3,"column":23},"end":{"line":40,"column":1}},"2":{"start":{"line":10,"column":32},"end":{"line":10,"column":59}},"3":{"start":{"line":18,"column":19},"end":{"line":18,"column":40}},"4":{"start":{"line":20,"column":4},"end":{"line":36,"column":5}},"5":{"start":{"line":22,"column":8},"end":{"line":23,"column":38}},"6":{"start":{"line":25,"column":6},"end":{"line":30,"column":7}},"7":{"start":{"line":26,"column":8},"end":{"line":29,"column":11}},"8":{"start":{"line":32,"column":6},"end":{"line":35,"column":9}},"9":{"start":{"line":38,"column":4},"end":{"line":38,"column":11}},"10":{"start":{"line":42,"column":0},"end":{"line":42,"column":32}}},"fnMap":{"0":{"name":"(anonymous_0)","decl":{"start":{"line":10,"column":12},"end":{"line":10,"column":13}},"loc":{"start":{"line":10,"column":32},"end":{"line":10,"column":59}},"line":10},"1":{"name":"(anonymous_1)","decl":{"start":{"line":17,"column":2},"end":{"line":17,"column":3}},"loc":{"start":{"line":17,"column":22},"end":{"line":39,"column":3}},"line":17}},"branchMap":{"0":{"loc":{"start":{"line":20,"column":4},"end":{"line":36,"column":5}},"type":"if","locations":[{"start":{"line":20,"column":4},"end":{"line":36,"column":5}},{"start":{},"end":{}}],"line":20},"1":{"loc":{"start":{"line":22,"column":8},"end":{"line":23,"column":38}},"type":"binary-expr","locations":[{"start":{"line":22,"column":8},"end":{"line":22,"column":65}},{"start":{"line":23,"column":8},"end":{"line":23,"column":38}}],"line":22},"2":{"loc":{"start":{"line":25,"column":6},"end":{"line":30,"column":7}},"type":"if","locations":[{"start":{"line":25,"column":6},"end":{"line":30,"column":7}},{"start":{},"end":{}}],"line":25}},"s":{"0":3,"1":3,"2":14,"3":14,"4":14,"5":8,"6":8,"7":8,"8":0,"9":6,"10":3},"f":{"0":14,"1":14},"b":{"0":[8,6],"1":[8,0],"2":[8,0]},"_coverageSchema":"1a1c01bbd47fc00a2c39e90264f33305004495a9","hash":"dfbfe7dbce592ab6ccd04bcd5cc1199c42baefea"}
,"C:\\Users\\Softlaptop\\Downloads\\Compressed\\product-managerv2-main\\middlewares\\validators\\validateLogin.js": {"path":"C:\\Users\\Softlaptop\\Downloads\\Compressed\\product-managerv2-main\\middlewares\\validators\\validateLogin.js","statementMap":{"0":{"start":{"line":1,"column":36},"end":{"line":1,"column":64}},"1":{"start":{"line":3,"column":22},"end":{"line":17,"column":1}},"2":{"start":{"line":8,"column":19},"end":{"line":8,"column":40}},"3":{"start":{"line":9,"column":4},"end":{"line":14,"column":5}},"4":{"start":{"line":10,"column":6},"end":{"line":13,"column":9}},"5":{"start":{"line":15,"column":4},"end":{"line":15,"column":11}},"6":{"start":{"line":19,"column":0},"end":{"line":19,"column":31}}},"fnMap":{"0":{"name":"(anonymous_0)","decl":{"start":{"line":7,"column":2},"end":{"line":7,"column":3}},"loc":{"start":{"line":7,"column":22},"end":{"line":16,"column":3}},"line":7}},"branchMap":{"0":{"loc":{"start":{"line":9,"column":4},"end":{"line":14,"column":5}},"type":"if","locations":[{"start":{"line":9,"column":4},"end":{"line":14,"column":5}},{"start":{},"end":{}}],"line":9}},"s":{"0":3,"1":3,"2":7,"3":7,"4":3,"5":4,"6":3},"f":{"0":7},"b":{"0":[3,4]},"_coverageSchema":"1a1c01bbd47fc00a2c39e90264f33305004495a9","hash":"5852bee71b6d34a6ed28531b4adfea81a7e50a60"}
,"C:\\Users\\Softlaptop\\Downloads\\Compressed\\product-managerv2-main\\middlewares\\validators\\validateProduct.js": {"path":"C:\\Users\\Softlaptop\\Downloads\\Compressed\\product-managerv2-main\\middlewares\\validators\\validateProduct.js","statementMap":{"0":{"start":{"line":1,"column":36},"end":{"line":1,"column":64}},"1":{"start":{"line":3,"column":24},"end":{"line":44,"column":1}},"2":{"start":{"line":20,"column":19},"end":{"line":20,"column":40}},"3":{"start":{"line":21,"column":4},"end":{"line":40,"column":5}},"4":{"start":{"line":22,"column":20},"end":{"line":22,"column":77}},"5":{"start":{"line":24,"column":0},"end":{"line":29,"column":1}},"6":{"start":{"line":25,"column":2},"end":{"line":28,"column":5}},"7":{"start":{"line":31,"column":0},"end":{"line":38,"column":3}},"8":{"start":{"line":42,"column":4},"end":{"line":42,"column":11}},"9":{"start":{"line":46,"column":0},"end":{"line":46,"column":33}}},"fnMap":{"0":{"name":"(anonymous_0)","decl":{"start":{"line":19,"column":2},"end":{"line":19,"column":3}},"loc":{"start":{"line":19,"column":22},"end":{"line":43,"column":3}},"line":19}},"branchMap":{"0":{"loc":{"start":{"line":21,"column":4},"end":{"line":40,"column":5}},"type":"if","locations":[{"start":{"line":21,"column":4},"end":{"line":40,"column":5}},{"start":{},"end":{}}],"line":21},"1":{"loc":{"start":{"line":24,"column":0},"end":{"line":29,"column":1}},"type":"if","locations":[{"start":{"line":24,"column":0},"end":{"line":29,"column":1}},{"start":{},"end":{}}],"line":24}},"s":{"0":3,"1":3,"2":5,"3":5,"4":4,"5":4,"6":4,"7":0,"8":1,"9":3},"f":{"0":5},"b":{"0":[4,1],"1":[4,0]},"_coverageSchema":"1a1c01bbd47fc00a2c39e90264f33305004495a9","hash":"eb6e4219f578f8caccdf830524dd195df724ab30"}
,"C:\\Users\\Softlaptop\\Downloads\\Compressed\\product-managerv2-main\\models\\product.js": {"path":"C:\\Users\\Softlaptop\\Downloads\\Compressed\\product-managerv2-main\\models\\product.js","statementMap":{"0":{"start":{"line":1,"column":11},"end":{"line":1,"column":30}},"1":{"start":{"line":3,"column":16},"end":{"line":32,"column":2}},"2":{"start":{"line":34,"column":0},"end":{"line":34,"column":46}}},"fnMap":{},"branchMap":{},"s":{"0":3,"1":3,"2":3},"f":{},"b":{},"_coverageSchema":"1a1c01bbd47fc00a2c39e90264f33305004495a9","hash":"bc1beb16a212acc3cbd39913d8d082db62404e40"}
,"C:\\Users\\Softlaptop\\Downloads\\Compressed\\product-managerv2-main\\models\\user.js": {"path":"C:\\Users\\Softlaptop\\Downloads\\Compressed\\product-managerv2-main\\models\\user.js","statementMap":{"0":{"start":{"line":1,"column":17},"end":{"line":1,"column":36}},"1":{"start":{"line":3,"column":19},"end":{"line":43,"column":2}},"2":{"start":{"line":45,"column":0},"end":{"line":45,"column":52}}},"fnMap":{},"branchMap":{},"s":{"0":5,"1":5,"2":5},"f":{},"b":{},"_coverageSchema":"1a1c01bbd47fc00a2c39e90264f33305004495a9","hash":"96b9b2fc241bab1735f32961abc9e0cbf72229f4"}
,"C:\\Users\\Softlaptop\\Downloads\\Compressed\\product-managerv2-main\\routes\\admin.route.js": {"path":"C:\\Users\\Softlaptop\\Downloads\\Compressed\\product-managerv2-main\\routes\\admin.route.js","statementMap":{"0":{"start":{"line":1,"column":16},"end":{"line":1,"column":34}},"1":{"start":{"line":2,"column":15},"end":{"line":2,"column":31}},"2":{"start":{"line":3,"column":19},"end":{"line":3,"column":63}},"3":{"start":{"line":5,"column":16},"end":{"line":5,"column":54}},"4":{"start":{"line":6,"column":0},"end":{"line":6,"column":20}},"5":{"start":{"line":7,"column":24},"end":{"line":7,"column":76}},"6":{"start":{"line":12,"column":0},"end":{"line":12,"column":40}},"7":{"start":{"line":13,"column":0},"end":{"line":13,"column":68}},"8":{"start":{"line":14,"column":0},"end":{"line":14,"column":57}},"9":{"start":{"line":15,"column":0},"end":{"line":15,"column":55}},"10":{"start":{"line":16,"column":0},"end":{"line":16,"column":79}},"11":{"start":{"line":17,"column":0},"end":{"line":17,"column":62}},"12":{"start":{"line":18,"column":0},"end":{"line":18,"column":61}},"13":{"start":{"line":19,"column":0},"end":{"line":19,"column":63}},"14":{"start":{"line":21,"column":0},"end":{"line":21,"column":24}}},"fnMap":{},"branchMap":{},"s":{"0":2,"1":2,"2":2,"3":2,"4":2,"5":2,"6":2,"7":2,"8":2,"9":2,"10":2,"11":2,"12":2,"13":2,"14":2},"f":{},"b":{},"_coverageSchema":"1a1c01bbd47fc00a2c39e90264f33305004495a9","hash":"298c9f97e39c3b4cecb54f5fa977d7d824879a28"}
,"C:\\Users\\Softlaptop\\Downloads\\Compressed\\product-managerv2-main\\routes\\auth.route.js": {"path":"C:\\Users\\Softlaptop\\Downloads\\Compressed\\product-managerv2-main\\routes\\auth.route.js","statementMap":{"0":{"start":{"line":1,"column":16},"end":{"line":1,"column":34}},"1":{"start":{"line":8,"column":4},"end":{"line":8,"column":45}},"2":{"start":{"line":10,"column":23},"end":{"line":10,"column":75}},"3":{"start":{"line":11,"column":30},"end":{"line":11,"column":86}},"4":{"start":{"line":12,"column":16},"end":{"line":12,"column":54}},"5":{"start":{"line":13,"column":15},"end":{"line":13,"column":52}},"6":{"start":{"line":14,"column":22},"end":{"line":14,"column":72}},"7":{"start":{"line":15,"column":15},"end":{"line":15,"column":31}},"8":{"start":{"line":18,"column":0},"end":{"line":18,"column":44}},"9":{"start":{"line":21,"column":0},"end":{"line":21,"column":34}},"10":{"start":{"line":22,"column":0},"end":{"line":22,"column":36}},"11":{"start":{"line":23,"column":0},"end":{"line":23,"column":74}},"12":{"start":{"line":24,"column":0},"end":{"line":24,"column":43}},"13":{"start":{"line":25,"column":0},"end":{"line":25,"column":30}},"14":{"start":{"line":29,"column":0},"end":{"line":31,"column":3}},"15":{"start":{"line":30,"column":2},"end":{"line":30,"column":22}},"16":{"start":{"line":33,"column":0},"end":{"line":35,"column":3}},"17":{"start":{"line":34,"column":2},"end":{"line":34,"column":21}},"18":{"start":{"line":37,"column":0},"end":{"line":37,"column":24}}},"fnMap":{"0":{"name":"(anonymous_0)","decl":{"start":{"line":29,"column":30},"end":{"line":29,"column":31}},"loc":{"start":{"line":29,"column":44},"end":{"line":31,"column":1}},"line":29},"1":{"name":"(anonymous_1)","decl":{"start":{"line":33,"column":28},"end":{"line":33,"column":29}},"loc":{"start":{"line":33,"column":42},"end":{"line":35,"column":1}},"line":33}},"branchMap":{},"s":{"0":2,"1":2,"2":2,"3":2,"4":2,"5":2,"6":2,"7":2,"8":2,"9":2,"10":2,"11":2,"12":2,"13":2,"14":2,"15":0,"16":2,"17":0,"18":2},"f":{"0":0,"1":0},"b":{},"_coverageSchema":"1a1c01bbd47fc00a2c39e90264f33305004495a9","hash":"e3157cdc3fac3361af02b1358357c060bd986271"}
,"C:\\Users\\Softlaptop\\Downloads\\Compressed\\product-managerv2-main\\routes\\user.route.js": {"path":"C:\\Users\\Softlaptop\\Downloads\\Compressed\\product-managerv2-main\\routes\\user.route.js","statementMap":{"0":{"start":{"line":1,"column":16},"end":{"line":1,"column":34}},"1":{"start":{"line":2,"column":15},"end":{"line":2,"column":31}},"2":{"start":{"line":3,"column":19},"end":{"line":3,"column":63}},"3":{"start":{"line":4,"column":15},"end":{"line":4,"column":52}},"4":{"start":{"line":5,"column":0},"end":{"line":5,"column":19}},"5":{"start":{"line":7,"column":0},"end":{"line":7,"column":47}},"6":{"start":{"line":10,"column":0},"end":{"line":10,"column":24}}},"fnMap":{},"branchMap":{},"s":{"0":2,"1":2,"2":2,"3":2,"4":2,"5":2,"6":2},"f":{},"b":{},"_coverageSchema":"1a1c01bbd47fc00a2c39e90264f33305004495a9","hash":"50e748f0682a65f3e202e9db3afa081be4ea1a9a"}
}
