{"D:\\Roaa\\FCI\\Third Year\\New\\SWE2\\product-managerv2-main\\app.js": {"path":"D:\\Roaa\\FCI\\Third Year\\New\\SWE2\\product-managerv2-main\\app.js","statementMap":{"0":{"start":{"line":1,"column":16},"end":{"line":1,"column":34}},"1":{"start":{"line":2,"column":17},"end":{"line":2,"column":36}},"2":{"start":{"line":3,"column":16},"end":{"line":3,"column":42}},"3":{"start":{"line":4,"column":13},"end":{"line":4,"column":28}},"4":{"start":{"line":5,"column":15},"end":{"line":5,"column":32}},"5":{"start":{"line":6,"column":15},"end":{"line":6,"column":44}},"6":{"start":{"line":7,"column":15},"end":{"line":7,"column":32}},"7":{"start":{"line":8,"column":22},"end":{"line":8,"column":55}},"8":{"start":{"line":9,"column":21},"end":{"line":9,"column":45}},"9":{"start":{"line":10,"column":17},"end":{"line":10,"column":37}},"10":{"start":{"line":12,"column":19},"end":{"line":12,"column":49}},"11":{"start":{"line":13,"column":20},"end":{"line":13,"column":51}},"12":{"start":{"line":14,"column":19},"end":{"line":14,"column":49}},"13":{"start":{"line":15,"column":24},"end":{"line":15,"column":69}},"14":{"start":{"line":17,"column":0},"end":{"line":17,"column":16}},"15":{"start":{"line":19,"column":12},"end":{"line":19,"column":21}},"16":{"start":{"line":21,"column":12},"end":{"line":28,"column":2}},"17":{"start":{"line":30,"column":0},"end":{"line":30,"column":30}},"18":{"start":{"line":31,"column":0},"end":{"line":31,"column":30}},"19":{"start":{"line":32,"column":0},"end":{"line":32,"column":48}},"20":{"start":{"line":34,"column":0},"end":{"line":34,"column":24}},"21":{"start":{"line":35,"column":0},"end":{"line":35,"column":48}},"22":{"start":{"line":38,"column":0},"end":{"line":38,"column":18}},"23":{"start":{"line":39,"column":0},"end":{"line":39,"column":25}},"24":{"start":{"line":40,"column":0},"end":{"line":40,"column":24}},"25":{"start":{"line":41,"column":0},"end":{"line":41,"column":20}},"26":{"start":{"line":44,"column":0},"end":{"line":53,"column":4}},"27":{"start":{"line":56,"column":0},"end":{"line":58,"column":3}},"28":{"start":{"line":57,"column":2},"end":{"line":57,"column":9}},"29":{"start":{"line":61,"column":0},"end":{"line":61,"column":56}},"30":{"start":{"line":64,"column":0},"end":{"line":64,"column":29}},"31":{"start":{"line":65,"column":26},"end":{"line":65,"column":64}},"32":{"start":{"line":66,"column":21},"end":{"line":66,"column":54}},"33":{"start":{"line":67,"column":0},"end":{"line":67,"column":45}},"34":{"start":{"line":68,"column":0},"end":{"line":68,"column":35}},"35":{"start":{"line":71,"column":0},"end":{"line":71,"column":25}},"36":{"start":{"line":72,"column":0},"end":{"line":72,"column":31}},"37":{"start":{"line":73,"column":0},"end":{"line":73,"column":29}},"38":{"start":{"line":76,"column":0},"end":{"line":78,"column":3}},"39":{"start":{"line":77,"column":2},"end":{"line":77,"column":30}},"40":{"start":{"line":80,"column":0},"end":{"line":80,"column":21}}},"fnMap":{"0":{"name":"(anonymous_0)","decl":{"start":{"line":56,"column":8},"end":{"line":56,"column":9}},"loc":{"start":{"line":56,"column":28},"end":{"line":58,"column":1}},"line":56},"1":{"name":"(anonymous_1)","decl":{"start":{"line":76,"column":13},"end":{"line":76,"column":14}},"loc":{"start":{"line":76,"column":27},"end":{"line":78,"column":1}},"line":76}},"branchMap":{"0":{"loc":{"start":{"line":45,"column":10},"end":{"line":45,"column":52}},"type":"binary-expr","locations":[{"start":{"line":45,"column":10},"end":{"line":45,"column":36}},{"start":{"line":45,"column":40},"end":{"line":45,"column":52}}],"line":45}},"s":{"0":5,"1":5,"2":5,"3":5,"4":5,"5":5,"6":5,"7":5,"8":5,"9":5,"10":5,"11":5,"12":5,"13":5,"14":5,"15":5,"16":5,"17":5,"18":5,"19":5,"20":5,"21":5,"22":5,"23":5,"24":5,"25":5,"26":5,"27":5,"28":18,"29":5,"30":5,"31":5,"32":5,"33":5,"34":5,"35":5,"36":5,"37":5,"38":5,"39":0,"40":5},"f":{"0":18,"1":0},"b":{"0":[5,0]},"_coverageSchema":"1a1c01bbd47fc00a2c39e90264f33305004495a9","hash":"35123732f9c188db46e04e4ef7910221feac4927"}
,"D:\\Roaa\\FCI\\Third Year\\New\\SWE2\\product-managerv2-main\\controllers\\auth.controller.js": {"path":"D:\\Roaa\\FCI\\Third Year\\New\\SWE2\\product-managerv2-main\\controllers\\auth.controller.js","statementMap":{"0":{"start":{"line":1,"column":15},"end":{"line":1,"column":34}},"1":{"start":{"line":2,"column":14},"end":{"line":2,"column":39}},"2":{"start":{"line":6,"column":17},"end":{"line":56,"column":1}},"3":{"start":{"line":18,"column":8},"end":{"line":18,"column":16}},"4":{"start":{"line":20,"column":4},"end":{"line":25,"column":5}},"5":{"start":{"line":21,"column":8},"end":{"line":24,"column":11}},"6":{"start":{"line":27,"column":25},"end":{"line":27,"column":62}},"7":{"start":{"line":28,"column":4},"end":{"line":33,"column":5}},"8":{"start":{"line":29,"column":8},"end":{"line":32,"column":11}},"9":{"start":{"line":35,"column":27},"end":{"line":35,"column":58}},"10":{"start":{"line":37,"column":20},"end":{"line":47,"column":6}},"11":{"start":{"line":49,"column":4},"end":{"line":49,"column":31}},"12":{"start":{"line":51,"column":4},"end":{"line":55,"column":5}},"13":{"start":{"line":52,"column":8},"end":{"line":52,"column":31}},"14":{"start":{"line":54,"column":8},"end":{"line":54,"column":30}},"15":{"start":{"line":59,"column":14},"end":{"line":85,"column":1}},"16":{"start":{"line":60,"column":32},"end":{"line":60,"column":40}},"17":{"start":{"line":61,"column":17},"end":{"line":61,"column":54}},"18":{"start":{"line":63,"column":4},"end":{"line":68,"column":5}},"19":{"start":{"line":64,"column":8},"end":{"line":67,"column":11}},"20":{"start":{"line":70,"column":28},"end":{"line":70,"column":73}},"21":{"start":{"line":71,"column":4},"end":{"line":76,"column":5}},"22":{"start":{"line":72,"column":8},"end":{"line":75,"column":11}},"23":{"start":{"line":78,"column":4},"end":{"line":78,"column":28}},"24":{"start":{"line":80,"column":4},"end":{"line":84,"column":5}},"25":{"start":{"line":81,"column":8},"end":{"line":81,"column":31}},"26":{"start":{"line":83,"column":8},"end":{"line":83,"column":30}},"27":{"start":{"line":88,"column":15},"end":{"line":91,"column":1}},"28":{"start":{"line":89,"column":4},"end":{"line":89,"column":26}},"29":{"start":{"line":90,"column":4},"end":{"line":90,"column":32}},"30":{"start":{"line":92,"column":20},"end":{"line":94,"column":1}},"31":{"start":{"line":93,"column":4},"end":{"line":93,"column":24}},"32":{"start":{"line":96,"column":21},"end":{"line":99,"column":1}},"33":{"start":{"line":98,"column":4},"end":{"line":98,"column":25}},"34":{"start":{"line":103,"column":0},"end":{"line":109,"column":4}}},"fnMap":{"0":{"name":"(anonymous_0)","decl":{"start":{"line":6,"column":17},"end":{"line":6,"column":18}},"loc":{"start":{"line":6,"column":37},"end":{"line":56,"column":1}},"line":6},"1":{"name":"(anonymous_1)","decl":{"start":{"line":59,"column":14},"end":{"line":59,"column":15}},"loc":{"start":{"line":59,"column":34},"end":{"line":85,"column":1}},"line":59},"2":{"name":"(anonymous_2)","decl":{"start":{"line":88,"column":15},"end":{"line":88,"column":16}},"loc":{"start":{"line":88,"column":35},"end":{"line":91,"column":1}},"line":88},"3":{"name":"(anonymous_3)","decl":{"start":{"line":92,"column":20},"end":{"line":92,"column":21}},"loc":{"start":{"line":92,"column":34},"end":{"line":94,"column":1}},"line":92},"4":{"name":"(anonymous_4)","decl":{"start":{"line":96,"column":21},"end":{"line":96,"column":22}},"loc":{"start":{"line":96,"column":35},"end":{"line":99,"column":1}},"line":96}},"branchMap":{"0":{"loc":{"start":{"line":20,"column":4},"end":{"line":25,"column":5}},"type":"if","locations":[{"start":{"line":20,"column":4},"end":{"line":25,"column":5}},{"start":{},"end":{}}],"line":20},"1":{"loc":{"start":{"line":20,"column":8},"end":{"line":20,"column":89}},"type":"binary-expr","locations":[{"start":{"line":20,"column":8},"end":{"line":20,"column":18}},{"start":{"line":20,"column":22},"end":{"line":20,"column":31}},{"start":{"line":20,"column":35},"end":{"line":20,"column":42}},{"start":{"line":20,"column":46},"end":{"line":20,"column":53}},{"start":{"line":20,"column":57},"end":{"line":20,"column":66}},{"start":{"line":20,"column":70},"end":{"line":20,"column":76}},{"start":{"line":20,"column":80},"end":{"line":20,"column":89}}],"line":20},"2":{"loc":{"start":{"line":28,"column":4},"end":{"line":33,"column":5}},"type":"if","locations":[{"start":{"line":28,"column":4},"end":{"line":33,"column":5}},{"start":{},"end":{}}],"line":28},"3":{"loc":{"start":{"line":51,"column":4},"end":{"line":55,"column":5}},"type":"if","locations":[{"start":{"line":51,"column":4},"end":{"line":55,"column":5}},{"start":{"line":53,"column":11},"end":{"line":55,"column":5}}],"line":51},"4":{"loc":{"start":{"line":63,"column":4},"end":{"line":68,"column":5}},"type":"if","locations":[{"start":{"line":63,"column":4},"end":{"line":68,"column":5}},{"start":{},"end":{}}],"line":63},"5":{"loc":{"start":{"line":71,"column":4},"end":{"line":76,"column":5}},"type":"if","locations":[{"start":{"line":71,"column":4},"end":{"line":76,"column":5}},{"start":{},"end":{}}],"line":71},"6":{"loc":{"start":{"line":80,"column":4},"end":{"line":84,"column":5}},"type":"if","locations":[{"start":{"line":80,"column":4},"end":{"line":84,"column":5}},{"start":{"line":82,"column":11},"end":{"line":84,"column":5}}],"line":80},"7":{"loc":{"start":{"line":80,"column":8},"end":{"line":80,"column":56}},"type":"binary-expr","locations":[{"start":{"line":80,"column":8},"end":{"line":80,"column":31}},{"start":{"line":80,"column":35},"end":{"line":80,"column":56}}],"line":80}},"s":{"0":5,"1":5,"2":5,"3":3,"4":3,"5":0,"6":3,"7":3,"8":0,"9":3,"10":3,"11":3,"12":3,"13":0,"14":3,"15":5,"16":3,"17":3,"18":3,"19":2,"20":1,"21":1,"22":0,"23":1,"24":1,"25":0,"26":1,"27":5,"28":0,"29":0,"30":5,"31":1,"32":5,"33":1,"34":5},"f":{"0":3,"1":3,"2":0,"3":1,"4":1},"b":{"0":[0,3],"1":[3,3,3,3,3,3,3],"2":[0,3],"3":[0,3],"4":[2,1],"5":[0,1],"6":[0,1],"7":[1,1]},"_coverageSchema":"1a1c01bbd47fc00a2c39e90264f33305004495a9","hash":"49071592e71659e5baa850b9ec9f819c2a33be68"}
,"D:\\Roaa\\FCI\\Third Year\\New\\SWE2\\product-managerv2-main\\controllers\\product.controller.js": {"path":"D:\\Roaa\\FCI\\Third Year\\New\\SWE2\\product-managerv2-main\\controllers\\product.controller.js","statementMap":{"0":{"start":{"line":1,"column":17},"end":{"line":1,"column":45}},"1":{"start":{"line":3,"column":20},"end":{"line":16,"column":1}},"2":{"start":{"line":4,"column":48},"end":{"line":4,"column":78}},"3":{"start":{"line":5,"column":35},"end":{"line":5,"column":70}},"4":{"start":{"line":7,"column":21},"end":{"line":7,"column":42}},"5":{"start":{"line":8,"column":4},"end":{"line":15,"column":7}},"6":{"start":{"line":18,"column":27},"end":{"line":31,"column":1}},"7":{"start":{"line":19,"column":48},"end":{"line":19,"column":78}},"8":{"start":{"line":20,"column":35},"end":{"line":20,"column":70}},"9":{"start":{"line":22,"column":21},"end":{"line":22,"column":42}},"10":{"start":{"line":23,"column":4},"end":{"line":30,"column":7}},"11":{"start":{"line":33,"column":26},"end":{"line":38,"column":1}},"12":{"start":{"line":34,"column":4},"end":{"line":37,"column":7}},"13":{"start":{"line":40,"column":27},"end":{"line":48,"column":1}},"14":{"start":{"line":41,"column":20},"end":{"line":41,"column":58}},"15":{"start":{"line":42,"column":4},"end":{"line":42,"column":67}},"16":{"start":{"line":42,"column":18},"end":{"line":42,"column":67}},"17":{"start":{"line":44,"column":4},"end":{"line":47,"column":7}},"18":{"start":{"line":50,"column":22},"end":{"line":63,"column":1}},"19":{"start":{"line":51,"column":23},"end":{"line":59,"column":6}},"20":{"start":{"line":61,"column":4},"end":{"line":61,"column":28}},"21":{"start":{"line":62,"column":4},"end":{"line":62,"column":27}},"22":{"start":{"line":65,"column":22},"end":{"line":87,"column":1}},"23":{"start":{"line":66,"column":22},"end":{"line":66,"column":35}},"24":{"start":{"line":68,"column":19},"end":{"line":80,"column":5}},"25":{"start":{"line":82,"column":4},"end":{"line":84,"column":5}},"26":{"start":{"line":83,"column":8},"end":{"line":83,"column":57}},"27":{"start":{"line":86,"column":4},"end":{"line":86,"column":27}},"28":{"start":{"line":89,"column":22},"end":{"line":98,"column":1}},"29":{"start":{"line":90,"column":22},"end":{"line":90,"column":35}},"30":{"start":{"line":92,"column":19},"end":{"line":92,"column":63}},"31":{"start":{"line":93,"column":4},"end":{"line":95,"column":5}},"32":{"start":{"line":94,"column":8},"end":{"line":94,"column":57}},"33":{"start":{"line":97,"column":4},"end":{"line":97,"column":27}},"34":{"start":{"line":100,"column":22},"end":{"line":111,"column":1}},"35":{"start":{"line":101,"column":22},"end":{"line":101,"column":35}},"36":{"start":{"line":102,"column":21},"end":{"line":102,"column":50}},"37":{"start":{"line":104,"column":20},"end":{"line":104,"column":54}},"38":{"start":{"line":105,"column":4},"end":{"line":105,"column":67}},"39":{"start":{"line":105,"column":18},"end":{"line":105,"column":67}},"40":{"start":{"line":107,"column":4},"end":{"line":107,"column":32}},"41":{"start":{"line":108,"column":4},"end":{"line":108,"column":25}},"42":{"start":{"line":110,"column":4},"end":{"line":110,"column":27}},"43":{"start":{"line":113,"column":23},"end":{"line":123,"column":1}},"44":{"start":{"line":114,"column":22},"end":{"line":114,"column":35}},"45":{"start":{"line":116,"column":20},"end":{"line":116,"column":54}},"46":{"start":{"line":117,"column":4},"end":{"line":117,"column":67}},"47":{"start":{"line":117,"column":18},"end":{"line":117,"column":67}},"48":{"start":{"line":119,"column":4},"end":{"line":119,"column":25}},"49":{"start":{"line":120,"column":4},"end":{"line":120,"column":25}},"50":{"start":{"line":122,"column":4},"end":{"line":122,"column":27}},"51":{"start":{"line":125,"column":0},"end":{"line":135,"column":2}}},"fnMap":{"0":{"name":"(anonymous_0)","decl":{"start":{"line":3,"column":20},"end":{"line":3,"column":21}},"loc":{"start":{"line":3,"column":40},"end":{"line":16,"column":1}},"line":3},"1":{"name":"(anonymous_1)","decl":{"start":{"line":18,"column":27},"end":{"line":18,"column":28}},"loc":{"start":{"line":18,"column":47},"end":{"line":31,"column":1}},"line":18},"2":{"name":"(anonymous_2)","decl":{"start":{"line":33,"column":26},"end":{"line":33,"column":27}},"loc":{"start":{"line":33,"column":40},"end":{"line":38,"column":1}},"line":33},"3":{"name":"(anonymous_3)","decl":{"start":{"line":40,"column":27},"end":{"line":40,"column":28}},"loc":{"start":{"line":40,"column":47},"end":{"line":48,"column":1}},"line":40},"4":{"name":"(anonymous_4)","decl":{"start":{"line":50,"column":22},"end":{"line":50,"column":23}},"loc":{"start":{"line":50,"column":42},"end":{"line":63,"column":1}},"line":50},"5":{"name":"(anonymous_5)","decl":{"start":{"line":65,"column":22},"end":{"line":65,"column":23}},"loc":{"start":{"line":65,"column":42},"end":{"line":87,"column":1}},"line":65},"6":{"name":"(anonymous_6)","decl":{"start":{"line":89,"column":22},"end":{"line":89,"column":23}},"loc":{"start":{"line":89,"column":42},"end":{"line":98,"column":1}},"line":89},"7":{"name":"(anonymous_7)","decl":{"start":{"line":100,"column":22},"end":{"line":100,"column":23}},"loc":{"start":{"line":100,"column":42},"end":{"line":111,"column":1}},"line":100},"8":{"name":"(anonymous_8)","decl":{"start":{"line":113,"column":23},"end":{"line":113,"column":24}},"loc":{"start":{"line":113,"column":43},"end":{"line":123,"column":1}},"line":113}},"branchMap":{"0":{"loc":{"start":{"line":42,"column":4},"end":{"line":42,"column":67}},"type":"if","locations":[{"start":{"line":42,"column":4},"end":{"line":42,"column":67}},{"start":{},"end":{}}],"line":42},"1":{"loc":{"start":{"line":57,"column":18},"end":{"line":57,"column":40}},"type":"binary-expr","locations":[{"start":{"line":57,"column":18},"end":{"line":57,"column":35}},{"start":{"line":57,"column":39},"end":{"line":57,"column":40}}],"line":57},"2":{"loc":{"start":{"line":58,"column":16},"end":{"line":58,"column":70}},"type":"binary-expr","locations":[{"start":{"line":58,"column":16},"end":{"line":58,"column":42}},{"start":{"line":58,"column":46},"end":{"line":58,"column":70}}],"line":58},"3":{"loc":{"start":{"line":77,"column":26},"end":{"line":77,"column":48}},"type":"binary-expr","locations":[{"start":{"line":77,"column":26},"end":{"line":77,"column":43}},{"start":{"line":77,"column":47},"end":{"line":77,"column":48}}],"line":77},"4":{"loc":{"start":{"line":82,"column":4},"end":{"line":84,"column":5}},"type":"if","locations":[{"start":{"line":82,"column":4},"end":{"line":84,"column":5}},{"start":{},"end":{}}],"line":82},"5":{"loc":{"start":{"line":93,"column":4},"end":{"line":95,"column":5}},"type":"if","locations":[{"start":{"line":93,"column":4},"end":{"line":95,"column":5}},{"start":{},"end":{}}],"line":93},"6":{"loc":{"start":{"line":105,"column":4},"end":{"line":105,"column":67}},"type":"if","locations":[{"start":{"line":105,"column":4},"end":{"line":105,"column":67}},{"start":{},"end":{}}],"line":105},"7":{"loc":{"start":{"line":117,"column":4},"end":{"line":117,"column":67}},"type":"if","locations":[{"start":{"line":117,"column":4},"end":{"line":117,"column":67}},{"start":{},"end":{}}],"line":117}},"s":{"0":6,"1":6,"2":1,"3":1,"4":1,"5":1,"6":6,"7":1,"8":1,"9":1,"10":1,"11":6,"12":1,"13":6,"14":1,"15":1,"16":0,"17":1,"18":6,"19":1,"20":1,"21":1,"22":6,"23":1,"24":1,"25":1,"26":0,"27":1,"28":6,"29":1,"30":1,"31":1,"32":0,"33":1,"34":6,"35":1,"36":1,"37":1,"38":1,"39":0,"40":1,"41":1,"42":1,"43":6,"44":1,"45":1,"46":1,"47":0,"48":1,"49":1,"50":1,"51":6},"f":{"0":1,"1":1,"2":1,"3":1,"4":1,"5":1,"6":1,"7":1,"8":1},"b":{"0":[0,1],"1":[1,0],"2":[1,1],"3":[1,0],"4":[0,1],"5":[0,1],"6":[0,1],"7":[0,1]},"_coverageSchema":"1a1c01bbd47fc00a2c39e90264f33305004495a9","hash":"4e10f92f946d4d8cf362864b85c2cdbd22c41329"}
,"D:\\Roaa\\FCI\\Third Year\\New\\SWE2\\product-managerv2-main\\helpers\\discount.js": {"path":"D:\\Roaa\\FCI\\Third Year\\New\\SWE2\\product-managerv2-main\\helpers\\discount.js","statementMap":{"0":{"start":{"line":1,"column":21},"end":{"line":5,"column":1}},"1":{"start":{"line":2,"column":4},"end":{"line":3,"column":20}},"2":{"start":{"line":3,"column":8},"end":{"line":3,"column":20}},"3":{"start":{"line":4,"column":4},"end":{"line":4,"column":17}},"4":{"start":{"line":7,"column":26},"end":{"line":10,"column":1}},"5":{"start":{"line":8,"column":4},"end":{"line":8,"column":60}},"6":{"start":{"line":9,"column":4},"end":{"line":9,"column":17}},"7":{"start":{"line":13,"column":4},"end":{"line":13,"column":63}},"8":{"start":{"line":13,"column":19},"end":{"line":13,"column":63}},"9":{"start":{"line":14,"column":4},"end":{"line":14,"column":36}},"10":{"start":{"line":17,"column":0},"end":{"line":17,"column":70}}},"fnMap":{"0":{"name":"(anonymous_0)","decl":{"start":{"line":1,"column":21},"end":{"line":1,"column":22}},"loc":{"start":{"line":1,"column":35},"end":{"line":5,"column":1}},"line":1},"1":{"name":"(anonymous_1)","decl":{"start":{"line":7,"column":26},"end":{"line":7,"column":27}},"loc":{"start":{"line":7,"column":47},"end":{"line":10,"column":1}},"line":7},"2":{"name":"getDiscountAmount","decl":{"start":{"line":12,"column":9},"end":{"line":12,"column":26}},"loc":{"start":{"line":12,"column":44},"end":{"line":15,"column":1}},"line":12}},"branchMap":{"0":{"loc":{"start":{"line":2,"column":4},"end":{"line":3,"column":20}},"type":"if","locations":[{"start":{"line":2,"column":4},"end":{"line":3,"column":20}},{"start":{},"end":{}}],"line":2},"1":{"loc":{"start":{"line":13,"column":4},"end":{"line":13,"column":63}},"type":"if","locations":[{"start":{"line":13,"column":4},"end":{"line":13,"column":63}},{"start":{},"end":{}}],"line":13}},"s":{"0":2,"1":3,"2":1,"3":2,"4":2,"5":3,"6":3,"7":2,"8":1,"9":1,"10":2},"f":{"0":3,"1":3,"2":2},"b":{"0":[1,2],"1":[1,1]},"_coverageSchema":"1a1c01bbd47fc00a2c39e90264f33305004495a9","hash":"243631c28fecf0e8ac0e83c8f3c24236f5f5d4e9"}
,"D:\\Roaa\\FCI\\Third Year\\New\\SWE2\\product-managerv2-main\\helpers\\productFormat.js": {"path":"D:\\Roaa\\FCI\\Third Year\\New\\SWE2\\product-managerv2-main\\helpers\\productFormat.js","statementMap":{"0":{"start":{"line":1,"column":27},"end":{"line":1,"column":53}},"1":{"start":{"line":1,"column":36},"end":{"line":1,"column":53}},"2":{"start":{"line":2,"column":0},"end":{"line":2,"column":38}}},"fnMap":{"0":{"name":"(anonymous_0)","decl":{"start":{"line":1,"column":27},"end":{"line":1,"column":28}},"loc":{"start":{"line":1,"column":36},"end":{"line":1,"column":53}},"line":1}},"branchMap":{},"s":{"0":2,"1":4,"2":2},"f":{"0":4},"b":{},"_coverageSchema":"1a1c01bbd47fc00a2c39e90264f33305004495a9","hash":"05d82fdad6e4bc7e3d875325e63e653334f27a8c"}
,"D:\\Roaa\\FCI\\Third Year\\New\\SWE2\\product-managerv2-main\\middlewares\\auth\\isAdmin.js": {"path":"D:\\Roaa\\FCI\\Third Year\\New\\SWE2\\product-managerv2-main\\middlewares\\auth\\isAdmin.js","statementMap":{"0":{"start":{"line":2,"column":2},"end":{"line":4,"column":3}},"1":{"start":{"line":3,"column":4},"end":{"line":3,"column":18}},"2":{"start":{"line":5,"column":2},"end":{"line":5,"column":37}},"3":{"start":{"line":7,"column":0},"end":{"line":7,"column":25}}},"fnMap":{"0":{"name":"isAdmin","decl":{"start":{"line":1,"column":9},"end":{"line":1,"column":16}},"loc":{"start":{"line":1,"column":33},"end":{"line":6,"column":1}},"line":1}},"branchMap":{"0":{"loc":{"start":{"line":2,"column":2},"end":{"line":4,"column":3}},"type":"if","locations":[{"start":{"line":2,"column":2},"end":{"line":4,"column":3}},{"start":{},"end":{}}],"line":2},"1":{"loc":{"start":{"line":2,"column":6},"end":{"line":2,"column":50}},"type":"binary-expr","locations":[{"start":{"line":2,"column":6},"end":{"line":2,"column":22}},{"start":{"line":2,"column":26},"end":{"line":2,"column":50}}],"line":2}},"s":{"0":3,"1":1,"2":2,"3":6},"f":{"0":3},"b":{"0":[1,2],"1":[3,2]},"_coverageSchema":"1a1c01bbd47fc00a2c39e90264f33305004495a9","hash":"0c18b57f72229656132339e1339c396c9b6d24a3"}
,"D:\\Roaa\\FCI\\Third Year\\New\\SWE2\\product-managerv2-main\\middlewares\\auth\\isAuthenticated.js": {"path":"D:\\Roaa\\FCI\\Third Year\\New\\SWE2\\product-managerv2-main\\middlewares\\auth\\isAuthenticated.js","statementMap":{"0":{"start":{"line":2,"column":2},"end":{"line":4,"column":3}},"1":{"start":{"line":3,"column":4},"end":{"line":3,"column":18}},"2":{"start":{"line":7,"column":2},"end":{"line":9,"column":3}},"3":{"start":{"line":8,"column":4},"end":{"line":8,"column":39}},"4":{"start":{"line":12,"column":2},"end":{"line":12,"column":59}},"5":{"start":{"line":15,"column":0},"end":{"line":15,"column":33}}},"fnMap":{"0":{"name":"isAuthenticated","decl":{"start":{"line":1,"column":9},"end":{"line":1,"column":24}},"loc":{"start":{"line":1,"column":41},"end":{"line":13,"column":1}},"line":1}},"branchMap":{"0":{"loc":{"start":{"line":2,"column":2},"end":{"line":4,"column":3}},"type":"if","locations":[{"start":{"line":2,"column":2},"end":{"line":4,"column":3}},{"start":{},"end":{}}],"line":2},"1":{"loc":{"start":{"line":7,"column":2},"end":{"line":9,"column":3}},"type":"if","locations":[{"start":{"line":7,"column":2},"end":{"line":9,"column":3}},{"start":{},"end":{}}],"line":7}},"s":{"0":5,"1":0,"2":5,"3":5,"4":0,"5":5},"f":{"0":5},"b":{"0":[0,5],"1":[5,0]},"_coverageSchema":"1a1c01bbd47fc00a2c39e90264f33305004495a9","hash":"7e1c6acd8b4927f63eb03ef2188d4f0c1dc8030e"}
,"D:\\Roaa\\FCI\\Third Year\\New\\SWE2\\product-managerv2-main\\middlewares\\auth\\isUser.js": {"path":"D:\\Roaa\\FCI\\Third Year\\New\\SWE2\\product-managerv2-main\\middlewares\\auth\\isUser.js","statementMap":{"0":{"start":{"line":2,"column":2},"end":{"line":4,"column":3}},"1":{"start":{"line":3,"column":4},"end":{"line":3,"column":18}},"2":{"start":{"line":5,"column":2},"end":{"line":5,"column":37}},"3":{"start":{"line":7,"column":0},"end":{"line":7,"column":24}}},"fnMap":{"0":{"name":"isUser","decl":{"start":{"line":1,"column":9},"end":{"line":1,"column":15}},"loc":{"start":{"line":1,"column":32},"end":{"line":6,"column":1}},"line":1}},"branchMap":{"0":{"loc":{"start":{"line":2,"column":2},"end":{"line":4,"column":3}},"type":"if","locations":[{"start":{"line":2,"column":2},"end":{"line":4,"column":3}},{"start":{},"end":{}}],"line":2},"1":{"loc":{"start":{"line":2,"column":6},"end":{"line":2,"column":51}},"type":"binary-expr","locations":[{"start":{"line":2,"column":6},"end":{"line":2,"column":22}},{"start":{"line":2,"column":26},"end":{"line":2,"column":51}}],"line":2}},"s":{"0":3,"1":1,"2":2,"3":6},"f":{"0":3},"b":{"0":[1,2],"1":[3,2]},"_coverageSchema":"1a1c01bbd47fc00a2c39e90264f33305004495a9","hash":"8379c76b6f0f29cfed6e2f5e96786aa65251af80"}
,"D:\\Roaa\\FCI\\Third Year\\New\\SWE2\\product-managerv2-main\\middlewares\\security\\RateLimiter.js": {"path":"D:\\Roaa\\FCI\\Third Year\\New\\SWE2\\product-managerv2-main\\middlewares\\security\\RateLimiter.js","statementMap":{"0":{"start":{"line":2,"column":18},"end":{"line":2,"column":47}},"1":{"start":{"line":4,"column":16},"end":{"line":8,"column":2}},"2":{"start":{"line":10,"column":0},"end":{"line":10,"column":25}}},"fnMap":{},"branchMap":{},"s":{"0":1,"1":1,"2":1},"f":{},"b":{},"_coverageSchema":"1a1c01bbd47fc00a2c39e90264f33305004495a9","hash":"83ac0d708adcafb3e2a641ec0afe02235cedfa3d"}
,"D:\\Roaa\\FCI\\Third Year\\New\\SWE2\\product-managerv2-main\\middlewares\\security\\checkPasswordStrength.js": {"path":"D:\\Roaa\\FCI\\Third Year\\New\\SWE2\\product-managerv2-main\\middlewares\\security\\checkPasswordStrength.js","statementMap":{"0":{"start":{"line":1,"column":15},"end":{"line":1,"column":32}},"1":{"start":{"line":4,"column":23},"end":{"line":4,"column":31}},"2":{"start":{"line":5,"column":19},"end":{"line":5,"column":35}},"3":{"start":{"line":6,"column":2},"end":{"line":10,"column":3}},"4":{"start":{"line":7,"column":4},"end":{"line":9,"column":7}},"5":{"start":{"line":11,"column":2},"end":{"line":11,"column":9}},"6":{"start":{"line":13,"column":0},"end":{"line":13,"column":39}}},"fnMap":{"0":{"name":"checkPasswordStrength","decl":{"start":{"line":3,"column":9},"end":{"line":3,"column":30}},"loc":{"start":{"line":3,"column":47},"end":{"line":12,"column":1}},"line":3}},"branchMap":{"0":{"loc":{"start":{"line":6,"column":2},"end":{"line":10,"column":3}},"type":"if","locations":[{"start":{"line":6,"column":2},"end":{"line":10,"column":3}},{"start":{},"end":{}}],"line":6}},"s":{"0":5,"1":3,"2":3,"3":3,"4":0,"5":3,"6":5},"f":{"0":3},"b":{"0":[0,3]},"_coverageSchema":"1a1c01bbd47fc00a2c39e90264f33305004495a9","hash":"103c1f3ce021ac2341c67dd6f61090e8753f7e82"}
,"D:\\Roaa\\FCI\\Third Year\\New\\SWE2\\product-managerv2-main\\middlewares\\validators\\signupValidator.js": {"path":"D:\\Roaa\\FCI\\Third Year\\New\\SWE2\\product-managerv2-main\\middlewares\\validators\\signupValidator.js","statementMap":{"0":{"start":{"line":1,"column":36},"end":{"line":1,"column":64}},"1":{"start":{"line":3,"column":23},"end":{"line":40,"column":1}},"2":{"start":{"line":10,"column":32},"end":{"line":10,"column":59}},"3":{"start":{"line":18,"column":19},"end":{"line":18,"column":40}},"4":{"start":{"line":20,"column":4},"end":{"line":36,"column":5}},"5":{"start":{"line":22,"column":8},"end":{"line":23,"column":38}},"6":{"start":{"line":25,"column":6},"end":{"line":30,"column":7}},"7":{"start":{"line":26,"column":8},"end":{"line":29,"column":11}},"8":{"start":{"line":32,"column":6},"end":{"line":35,"column":9}},"9":{"start":{"line":38,"column":4},"end":{"line":38,"column":11}},"10":{"start":{"line":42,"column":0},"end":{"line":42,"column":32}}},"fnMap":{"0":{"name":"(anonymous_0)","decl":{"start":{"line":10,"column":12},"end":{"line":10,"column":13}},"loc":{"start":{"line":10,"column":32},"end":{"line":10,"column":59}},"line":10},"1":{"name":"(anonymous_1)","decl":{"start":{"line":17,"column":2},"end":{"line":17,"column":3}},"loc":{"start":{"line":17,"column":22},"end":{"line":39,"column":3}},"line":17}},"branchMap":{"0":{"loc":{"start":{"line":20,"column":4},"end":{"line":36,"column":5}},"type":"if","locations":[{"start":{"line":20,"column":4},"end":{"line":36,"column":5}},{"start":{},"end":{}}],"line":20},"1":{"loc":{"start":{"line":22,"column":8},"end":{"line":23,"column":38}},"type":"binary-expr","locations":[{"start":{"line":22,"column":8},"end":{"line":22,"column":65}},{"start":{"line":23,"column":8},"end":{"line":23,"column":38}}],"line":22},"2":{"loc":{"start":{"line":25,"column":6},"end":{"line":30,"column":7}},"type":"if","locations":[{"start":{"line":25,"column":6},"end":{"line":30,"column":7}},{"start":{},"end":{}}],"line":25}},"s":{"0":6,"1":6,"2":13,"3":13,"4":13,"5":9,"6":9,"7":9,"8":0,"9":4,"10":6},"f":{"0":13,"1":13},"b":{"0":[9,4],"1":[9,0],"2":[9,0]},"_coverageSchema":"1a1c01bbd47fc00a2c39e90264f33305004495a9","hash":"3552ad5a30d9dff68edf41d08ab7eb7b34924331"}
,"D:\\Roaa\\FCI\\Third Year\\New\\SWE2\\product-managerv2-main\\middlewares\\validators\\validateLogin.js": {"path":"D:\\Roaa\\FCI\\Third Year\\New\\SWE2\\product-managerv2-main\\middlewares\\validators\\validateLogin.js","statementMap":{"0":{"start":{"line":1,"column":36},"end":{"line":1,"column":64}},"1":{"start":{"line":3,"column":22},"end":{"line":17,"column":1}},"2":{"start":{"line":8,"column":19},"end":{"line":8,"column":40}},"3":{"start":{"line":9,"column":4},"end":{"line":14,"column":5}},"4":{"start":{"line":10,"column":6},"end":{"line":13,"column":9}},"5":{"start":{"line":15,"column":4},"end":{"line":15,"column":11}},"6":{"start":{"line":19,"column":0},"end":{"line":19,"column":31}}},"fnMap":{"0":{"name":"(anonymous_0)","decl":{"start":{"line":7,"column":2},"end":{"line":7,"column":3}},"loc":{"start":{"line":7,"column":22},"end":{"line":16,"column":3}},"line":7}},"branchMap":{"0":{"loc":{"start":{"line":9,"column":4},"end":{"line":14,"column":5}},"type":"if","locations":[{"start":{"line":9,"column":4},"end":{"line":14,"column":5}},{"start":{},"end":{}}],"line":9}},"s":{"0":6,"1":6,"2":7,"3":7,"4":3,"5":4,"6":6},"f":{"0":7},"b":{"0":[3,4]},"_coverageSchema":"1a1c01bbd47fc00a2c39e90264f33305004495a9","hash":"29f4daaa9ff52bc3e0bd39abe44a6b94eed46dc3"}
,"D:\\Roaa\\FCI\\Third Year\\New\\SWE2\\product-managerv2-main\\middlewares\\validators\\validateProduct.js": {"path":"D:\\Roaa\\FCI\\Third Year\\New\\SWE2\\product-managerv2-main\\middlewares\\validators\\validateProduct.js","statementMap":{"0":{"start":{"line":1,"column":36},"end":{"line":1,"column":64}},"1":{"start":{"line":3,"column":24},"end":{"line":46,"column":1}},"2":{"start":{"line":22,"column":19},"end":{"line":22,"column":40}},"3":{"start":{"line":23,"column":4},"end":{"line":42,"column":5}},"4":{"start":{"line":24,"column":20},"end":{"line":24,"column":77}},"5":{"start":{"line":26,"column":0},"end":{"line":31,"column":1}},"6":{"start":{"line":27,"column":2},"end":{"line":30,"column":5}},"7":{"start":{"line":33,"column":0},"end":{"line":40,"column":3}},"8":{"start":{"line":44,"column":4},"end":{"line":44,"column":11}},"9":{"start":{"line":48,"column":0},"end":{"line":48,"column":33}}},"fnMap":{"0":{"name":"(anonymous_0)","decl":{"start":{"line":21,"column":2},"end":{"line":21,"column":3}},"loc":{"start":{"line":21,"column":22},"end":{"line":45,"column":3}},"line":21}},"branchMap":{"0":{"loc":{"start":{"line":23,"column":4},"end":{"line":42,"column":5}},"type":"if","locations":[{"start":{"line":23,"column":4},"end":{"line":42,"column":5}},{"start":{},"end":{}}],"line":23},"1":{"loc":{"start":{"line":26,"column":0},"end":{"line":31,"column":1}},"type":"if","locations":[{"start":{"line":26,"column":0},"end":{"line":31,"column":1}},{"start":{},"end":{}}],"line":26}},"s":{"0":6,"1":6,"2":4,"3":4,"4":3,"5":3,"6":2,"7":1,"8":1,"9":6},"f":{"0":4},"b":{"0":[3,1],"1":[2,1]},"_coverageSchema":"1a1c01bbd47fc00a2c39e90264f33305004495a9","hash":"187f63937051bf8ba31bea15c4f4a48d59e35309"}
,"D:\\Roaa\\FCI\\Third Year\\New\\SWE2\\product-managerv2-main\\models\\product.js": {"path":"D:\\Roaa\\FCI\\Third Year\\New\\SWE2\\product-managerv2-main\\models\\product.js","statementMap":{"0":{"start":{"line":1,"column":11},"end":{"line":1,"column":30}},"1":{"start":{"line":3,"column":16},"end":{"line":32,"column":2}},"2":{"start":{"line":34,"column":0},"end":{"line":34,"column":46}}},"fnMap":{},"branchMap":{},"s":{"0":6,"1":6,"2":6},"f":{},"b":{},"_coverageSchema":"1a1c01bbd47fc00a2c39e90264f33305004495a9","hash":"e986cec5463cd6880a1c3195ae5ce75a9ede3c5f"}
,"D:\\Roaa\\FCI\\Third Year\\New\\SWE2\\product-managerv2-main\\models\\user.js": {"path":"D:\\Roaa\\FCI\\Third Year\\New\\SWE2\\product-managerv2-main\\models\\user.js","statementMap":{"0":{"start":{"line":1,"column":17},"end":{"line":1,"column":36}},"1":{"start":{"line":3,"column":19},"end":{"line":43,"column":2}},"2":{"start":{"line":45,"column":0},"end":{"line":45,"column":52}}},"fnMap":{},"branchMap":{},"s":{"0":5,"1":5,"2":5},"f":{},"b":{},"_coverageSchema":"1a1c01bbd47fc00a2c39e90264f33305004495a9","hash":"d3cd8b098ba7a2cbd9b3c4fa1718cf1dcffea499"}
,"D:\\Roaa\\FCI\\Third Year\\New\\SWE2\\product-managerv2-main\\routes\\admin.route.js": {"path":"D:\\Roaa\\FCI\\Third Year\\New\\SWE2\\product-managerv2-main\\routes\\admin.route.js","statementMap":{"0":{"start":{"line":1,"column":16},"end":{"line":1,"column":34}},"1":{"start":{"line":2,"column":15},"end":{"line":2,"column":31}},"2":{"start":{"line":3,"column":19},"end":{"line":3,"column":63}},"3":{"start":{"line":5,"column":16},"end":{"line":5,"column":54}},"4":{"start":{"line":6,"column":0},"end":{"line":6,"column":20}},"5":{"start":{"line":7,"column":24},"end":{"line":7,"column":76}},"6":{"start":{"line":12,"column":0},"end":{"line":12,"column":40}},"7":{"start":{"line":13,"column":0},"end":{"line":13,"column":68}},"8":{"start":{"line":14,"column":0},"end":{"line":14,"column":57}},"9":{"start":{"line":15,"column":0},"end":{"line":15,"column":55}},"10":{"start":{"line":16,"column":0},"end":{"line":16,"column":79}},"11":{"start":{"line":17,"column":0},"end":{"line":17,"column":62}},"12":{"start":{"line":18,"column":0},"end":{"line":18,"column":61}},"13":{"start":{"line":19,"column":0},"end":{"line":19,"column":63}},"14":{"start":{"line":21,"column":0},"end":{"line":21,"column":24}}},"fnMap":{},"branchMap":{},"s":{"0":5,"1":5,"2":5,"3":5,"4":5,"5":5,"6":5,"7":5,"8":5,"9":5,"10":5,"11":5,"12":5,"13":5,"14":5},"f":{},"b":{},"_coverageSchema":"1a1c01bbd47fc00a2c39e90264f33305004495a9","hash":"7a2c47716ca2757500ba893ed158e73cfd67e1ec"}
,"D:\\Roaa\\FCI\\Third Year\\New\\SWE2\\product-managerv2-main\\routes\\auth.route.js": {"path":"D:\\Roaa\\FCI\\Third Year\\New\\SWE2\\product-managerv2-main\\routes\\auth.route.js","statementMap":{"0":{"start":{"line":1,"column":16},"end":{"line":1,"column":34}},"1":{"start":{"line":8,"column":4},"end":{"line":8,"column":45}},"2":{"start":{"line":10,"column":23},"end":{"line":10,"column":75}},"3":{"start":{"line":11,"column":30},"end":{"line":11,"column":86}},"4":{"start":{"line":12,"column":16},"end":{"line":12,"column":54}},"5":{"start":{"line":13,"column":15},"end":{"line":13,"column":52}},"6":{"start":{"line":14,"column":22},"end":{"line":14,"column":72}},"7":{"start":{"line":15,"column":15},"end":{"line":15,"column":31}},"8":{"start":{"line":18,"column":0},"end":{"line":18,"column":44}},"9":{"start":{"line":21,"column":0},"end":{"line":21,"column":34}},"10":{"start":{"line":22,"column":0},"end":{"line":22,"column":36}},"11":{"start":{"line":23,"column":0},"end":{"line":23,"column":74}},"12":{"start":{"line":24,"column":0},"end":{"line":24,"column":43}},"13":{"start":{"line":25,"column":0},"end":{"line":25,"column":30}},"14":{"start":{"line":29,"column":0},"end":{"line":31,"column":3}},"15":{"start":{"line":30,"column":2},"end":{"line":30,"column":22}},"16":{"start":{"line":33,"column":0},"end":{"line":35,"column":3}},"17":{"start":{"line":34,"column":2},"end":{"line":34,"column":21}},"18":{"start":{"line":37,"column":0},"end":{"line":37,"column":24}}},"fnMap":{"0":{"name":"(anonymous_0)","decl":{"start":{"line":29,"column":30},"end":{"line":29,"column":31}},"loc":{"start":{"line":29,"column":44},"end":{"line":31,"column":1}},"line":29},"1":{"name":"(anonymous_1)","decl":{"start":{"line":33,"column":28},"end":{"line":33,"column":29}},"loc":{"start":{"line":33,"column":42},"end":{"line":35,"column":1}},"line":33}},"branchMap":{},"s":{"0":5,"1":5,"2":5,"3":5,"4":5,"5":5,"6":5,"7":5,"8":5,"9":5,"10":5,"11":5,"12":5,"13":5,"14":5,"15":0,"16":5,"17":0,"18":5},"f":{"0":0,"1":0},"b":{},"_coverageSchema":"1a1c01bbd47fc00a2c39e90264f33305004495a9","hash":"315a83291acf34195d3641603da6043ed76bb0fc"}
,"D:\\Roaa\\FCI\\Third Year\\New\\SWE2\\product-managerv2-main\\routes\\testSanitize.route.js": {"path":"D:\\Roaa\\FCI\\Third Year\\New\\SWE2\\product-managerv2-main\\routes\\testSanitize.route.js","statementMap":{"0":{"start":{"line":1,"column":16},"end":{"line":1,"column":34}},"1":{"start":{"line":2,"column":15},"end":{"line":2,"column":31}},"2":{"start":{"line":4,"column":0},"end":{"line":6,"column":3}},"3":{"start":{"line":5,"column":2},"end":{"line":5,"column":21}},"4":{"start":{"line":8,"column":0},"end":{"line":8,"column":24}}},"fnMap":{"0":{"name":"(anonymous_0)","decl":{"start":{"line":4,"column":17},"end":{"line":4,"column":18}},"loc":{"start":{"line":4,"column":31},"end":{"line":6,"column":1}},"line":4}},"branchMap":{},"s":{"0":5,"1":5,"2":5,"3":2,"4":5},"f":{"0":2},"b":{},"_coverageSchema":"1a1c01bbd47fc00a2c39e90264f33305004495a9","hash":"d214e83461fa459d02ac6df1ee10ad0c75863ad6"}
,"D:\\Roaa\\FCI\\Third Year\\New\\SWE2\\product-managerv2-main\\routes\\testXSS.route.js": {"path":"D:\\Roaa\\FCI\\Third Year\\New\\SWE2\\product-managerv2-main\\routes\\testXSS.route.js","statementMap":{"0":{"start":{"line":1,"column":16},"end":{"line":1,"column":34}},"1":{"start":{"line":2,"column":15},"end":{"line":2,"column":31}},"2":{"start":{"line":4,"column":0},"end":{"line":6,"column":3}},"3":{"start":{"line":5,"column":2},"end":{"line":5,"column":33}},"4":{"start":{"line":8,"column":0},"end":{"line":8,"column":24}}},"fnMap":{"0":{"name":"(anonymous_0)","decl":{"start":{"line":4,"column":17},"end":{"line":4,"column":18}},"loc":{"start":{"line":4,"column":31},"end":{"line":6,"column":1}},"line":4}},"branchMap":{},"s":{"0":5,"1":5,"2":5,"3":2,"4":5},"f":{"0":2},"b":{},"_coverageSchema":"1a1c01bbd47fc00a2c39e90264f33305004495a9","hash":"f8e9e89f631351af3bf877422ca8c53dac57a561"}
,"D:\\Roaa\\FCI\\Third Year\\New\\SWE2\\product-managerv2-main\\routes\\user.route.js": {"path":"D:\\Roaa\\FCI\\Third Year\\New\\SWE2\\product-managerv2-main\\routes\\user.route.js","statementMap":{"0":{"start":{"line":1,"column":16},"end":{"line":1,"column":34}},"1":{"start":{"line":2,"column":15},"end":{"line":2,"column":31}},"2":{"start":{"line":3,"column":19},"end":{"line":3,"column":63}},"3":{"start":{"line":4,"column":15},"end":{"line":4,"column":52}},"4":{"start":{"line":5,"column":0},"end":{"line":5,"column":19}},"5":{"start":{"line":7,"column":0},"end":{"line":7,"column":47}},"6":{"start":{"line":10,"column":0},"end":{"line":10,"column":24}}},"fnMap":{},"branchMap":{},"s":{"0":5,"1":5,"2":5,"3":5,"4":5,"5":5,"6":5},"f":{},"b":{},"_coverageSchema":"1a1c01bbd47fc00a2c39e90264f33305004495a9","hash":"3e0b21e36f0adab1d5ecb088cec7faa47d1def83"}
}
