TN:
SF:app.js
FN:29,(anonymous_0)
FN:61,(anonymous_1)
FN:81,(anonymous_2)
FNF:3
FNH:1
FNDA:0,(anonymous_0)
FNDA:20,(anonymous_1)
FNDA:0,(anonymous_2)
DA:1,5
DA:2,5
DA:3,5
DA:4,5
DA:5,5
DA:6,5
DA:7,5
DA:8,5
DA:9,5
DA:10,5
DA:12,5
DA:13,5
DA:14,5
DA:15,5
DA:17,5
DA:19,5
DA:21,5
DA:30,0
DA:35,5
DA:36,5
DA:37,5
DA:39,5
DA:40,5
DA:43,5
DA:44,5
DA:45,5
DA:46,5
DA:49,5
DA:61,5
DA:62,20
DA:66,5
DA:69,5
DA:70,5
DA:71,5
DA:72,5
DA:73,5
DA:76,5
DA:77,5
DA:78,5
DA:81,5
DA:82,0
DA:85,5
LF:42
LH:40
BRDA:50,0,0,5
BRDA:50,0,1,0
BRF:2
BRH:1
end_of_record
TN:
SF:controllers\auth.controller.js
FN:6,(anonymous_0)
FN:59,(anonymous_1)
FN:88,(anonymous_2)
FN:92,(anonymous_3)
FN:96,(anonymous_4)
FNF:5
FNH:4
FNDA:4,(anonymous_0)
FNDA:3,(anonymous_1)
FNDA:0,(anonymous_2)
FNDA:1,(anonymous_3)
FNDA:1,(anonymous_4)
DA:1,5
DA:2,5
DA:6,5
DA:18,4
DA:20,4
DA:21,0
DA:27,4
DA:28,4
DA:29,0
DA:35,4
DA:37,4
DA:49,4
DA:51,4
DA:52,0
DA:54,4
DA:59,5
DA:60,3
DA:61,3
DA:63,3
DA:64,0
DA:70,3
DA:71,3
DA:72,0
DA:78,3
DA:80,3
DA:81,0
DA:83,3
DA:88,5
DA:89,0
DA:90,0
DA:92,5
DA:93,1
DA:96,5
DA:98,1
DA:103,5
LF:35
LH:27
BRDA:20,0,0,0
BRDA:20,0,1,4
BRDA:20,1,0,4
BRDA:20,1,1,4
BRDA:20,1,2,4
BRDA:20,1,3,4
BRDA:20,1,4,4
BRDA:20,1,5,4
BRDA:20,1,6,4
BRDA:28,2,0,0
BRDA:28,2,1,4
BRDA:51,3,0,0
BRDA:51,3,1,4
BRDA:63,4,0,0
BRDA:63,4,1,3
BRDA:71,5,0,0
BRDA:71,5,1,3
BRDA:80,6,0,0
BRDA:80,6,1,3
BRDA:80,7,0,3
BRDA:80,7,1,3
BRF:21
BRH:15
end_of_record
TN:
SF:controllers\product.controller.js
FN:3,(anonymous_0)
FN:18,(anonymous_1)
FN:33,(anonymous_2)
FN:40,(anonymous_3)
FN:50,(anonymous_4)
FN:65,(anonymous_5)
FN:89,(anonymous_6)
FN:100,(anonymous_7)
FN:113,(anonymous_8)
FNF:9
FNH:9
FNDA:1,(anonymous_0)
FNDA:2,(anonymous_1)
FNDA:1,(anonymous_2)
FNDA:1,(anonymous_3)
FNDA:1,(anonymous_4)
FNDA:1,(anonymous_5)
FNDA:1,(anonymous_6)
FNDA:1,(anonymous_7)
FNDA:1,(anonymous_8)
DA:1,6
DA:3,6
DA:4,1
DA:5,1
DA:7,1
DA:8,1
DA:18,6
DA:19,2
DA:20,2
DA:22,2
DA:23,2
DA:33,6
DA:34,1
DA:40,6
DA:41,1
DA:42,1
DA:44,1
DA:50,6
DA:51,1
DA:61,1
DA:62,1
DA:65,6
DA:66,1
DA:68,1
DA:82,1
DA:83,0
DA:86,1
DA:89,6
DA:90,1
DA:92,1
DA:93,1
DA:94,0
DA:97,1
DA:100,6
DA:101,1
DA:102,1
DA:104,1
DA:105,1
DA:107,1
DA:108,1
DA:110,1
DA:113,6
DA:114,1
DA:116,1
DA:117,1
DA:119,1
DA:120,1
DA:122,1
DA:125,6
LF:49
LH:47
BRDA:42,0,0,0
BRDA:42,0,1,1
BRDA:57,1,0,1
BRDA:57,1,1,0
BRDA:58,2,0,1
BRDA:58,2,1,1
BRDA:77,3,0,1
BRDA:77,3,1,0
BRDA:82,4,0,0
BRDA:82,4,1,1
BRDA:93,5,0,0
BRDA:93,5,1,1
BRDA:105,6,0,0
BRDA:105,6,1,1
BRDA:117,7,0,0
BRDA:117,7,1,1
BRF:16
BRH:9
end_of_record
TN:
SF:helpers\discount.js
FN:1,(anonymous_0)
FN:7,(anonymous_1)
FN:12,getDiscountAmount
FNF:3
FNH:3
FNDA:3,(anonymous_0)
FNDA:3,(anonymous_1)
FNDA:2,getDiscountAmount
DA:1,3
DA:2,3
DA:3,1
DA:4,2
DA:7,3
DA:8,3
DA:9,3
DA:13,2
DA:14,1
DA:17,3
LF:10
LH:10
BRDA:2,0,0,1
BRDA:2,0,1,2
BRDA:13,1,0,1
BRDA:13,1,1,1
BRF:4
BRH:4
end_of_record
TN:
SF:helpers\productFormat.js
FN:1,(anonymous_0)
FNF:1
FNH:1
FNDA:4,(anonymous_0)
DA:1,4
DA:2,3
LF:2
LH:2
BRF:0
BRH:0
end_of_record
TN:
SF:middlewares\auth\isAdmin.js
FN:1,isAdmin
FNF:1
FNH:1
FNDA:4,isAdmin
DA:2,4
DA:3,1
DA:5,3
DA:7,6
LF:4
LH:4
BRDA:2,0,0,1
BRDA:2,0,1,3
BRDA:2,1,0,4
BRDA:2,1,1,3
BRF:4
BRH:4
end_of_record
TN:
SF:middlewares\auth\isAuthenticated.js
FN:1,isAuthenticated
FNF:1
FNH:1
FNDA:6,isAuthenticated
DA:2,6
DA:3,2
DA:7,4
DA:8,4
DA:12,0
DA:15,5
LF:6
LH:5
BRDA:2,0,0,2
BRDA:2,0,1,4
BRDA:7,1,0,4
BRDA:7,1,1,0
BRF:4
BRH:3
end_of_record
TN:
SF:middlewares\auth\isUser.js
FN:1,isUser
FNF:1
FNH:1
FNDA:4,isUser
DA:2,4
DA:3,2
DA:5,2
DA:7,6
LF:4
LH:4
BRDA:2,0,0,2
BRDA:2,0,1,2
BRDA:2,1,0,4
BRDA:2,1,1,3
BRF:4
BRH:4
end_of_record
TN:
SF:middlewares\security\RateLimiter.js
FNF:0
FNH:0
DA:2,1
DA:4,1
DA:10,1
LF:3
LH:3
BRF:0
BRH:0
end_of_record
TN:
SF:middlewares\security\checkPasswordStrength.js
FN:3,checkPasswordStrength
FNF:1
FNH:1
FNDA:5,checkPasswordStrength
DA:1,5
DA:4,5
DA:5,5
DA:6,5
DA:7,1
DA:11,4
DA:13,5
LF:7
LH:7
BRDA:6,0,0,1
BRDA:6,0,1,4
BRF:2
BRH:2
end_of_record
TN:
SF:middlewares\validators\signupValidator.js
FN:10,(anonymous_0)
FN:17,(anonymous_1)
FNF:2
FNH:2
FNDA:14,(anonymous_0)
FNDA:14,(anonymous_1)
DA:1,6
DA:3,6
DA:10,14
DA:18,14
DA:20,14
DA:22,8
DA:25,8
DA:26,8
DA:32,0
DA:38,6
DA:42,6
LF:11
LH:10
BRDA:20,0,0,8
BRDA:20,0,1,6
BRDA:22,1,0,8
BRDA:22,1,1,0
BRDA:25,2,0,8
BRDA:25,2,1,0
BRF:6
BRH:4
end_of_record
TN:
SF:middlewares\validators\validateLogin.js
FN:7,(anonymous_0)
FNF:1
FNH:1
FNDA:7,(anonymous_0)
DA:1,6
DA:3,6
DA:8,7
DA:9,7
DA:10,3
DA:15,4
DA:19,6
LF:7
LH:7
BRDA:9,0,0,3
BRDA:9,0,1,4
BRF:2
BRH:2
end_of_record
TN:
SF:middlewares\validators\validateProduct.js
FN:21,(anonymous_0)
FNF:1
FNH:1
FNDA:4,(anonymous_0)
DA:1,6
DA:3,6
DA:22,4
DA:23,4
DA:24,3
DA:26,3
DA:27,2
DA:33,1
DA:44,1
DA:48,6
LF:10
LH:10
BRDA:23,0,0,3
BRDA:23,0,1,1
BRDA:26,1,0,2
BRDA:26,1,1,1
BRF:4
BRH:4
end_of_record
TN:
SF:models\product.js
FNF:0
FNH:0
DA:1,6
DA:3,6
DA:34,6
LF:3
LH:3
BRF:0
BRH:0
end_of_record
TN:
SF:models\user.js
FNF:0
FNH:0
DA:1,5
DA:3,5
DA:45,5
LF:3
LH:3
BRF:0
BRH:0
end_of_record
TN:
SF:routes\admin.route.js
FNF:0
FNH:0
DA:1,5
DA:2,5
DA:3,5
DA:5,5
DA:6,5
DA:7,5
DA:12,5
DA:13,5
DA:14,5
DA:15,5
DA:16,5
DA:17,5
DA:18,5
DA:19,5
DA:21,5
LF:15
LH:15
BRF:0
BRH:0
end_of_record
TN:
SF:routes\auth.route.js
FN:29,(anonymous_0)
FN:33,(anonymous_1)
FNF:2
FNH:0
FNDA:0,(anonymous_0)
FNDA:0,(anonymous_1)
DA:1,5
DA:8,5
DA:10,5
DA:11,5
DA:12,5
DA:13,5
DA:14,5
DA:15,5
DA:18,5
DA:21,5
DA:22,5
DA:23,5
DA:24,5
DA:25,5
DA:29,5
DA:30,0
DA:33,5
DA:34,0
DA:37,5
LF:19
LH:17
BRF:0
BRH:0
end_of_record
TN:
SF:routes\testSanitize.route.js
FN:4,(anonymous_0)
FNF:1
FNH:1
FNDA:2,(anonymous_0)
DA:1,5
DA:2,5
DA:4,5
DA:5,2
DA:8,5
LF:5
LH:5
BRF:0
BRH:0
end_of_record
TN:
SF:routes\testXSS.route.js
FN:4,(anonymous_0)
FNF:1
FNH:1
FNDA:2,(anonymous_0)
DA:1,5
DA:2,5
DA:4,5
DA:5,2
DA:8,5
LF:5
LH:5
BRF:0
BRH:0
end_of_record
TN:
SF:routes\user.route.js
FNF:0
FNH:0
DA:1,5
DA:2,5
DA:3,5
DA:4,5
DA:5,5
DA:7,5
DA:10,5
LF:7
LH:7
BRF:0
BRH:0
end_of_record
