TN:
SF:app.js
FN:30,(anonymous_0)
FN:62,(anonymous_1)
FN:80,(anonymous_2)
FNF:3
FNH:1
FNDA:0,(anonymous_0)
FNDA:13,(anonymous_1)
FNDA:0,(anonymous_2)
DA:1,2
DA:2,2
DA:3,2
DA:4,2
DA:5,2
DA:6,2
DA:7,2
DA:8,2
DA:9,2
DA:11,2
DA:12,2
DA:13,2
DA:14,2
DA:16,2
DA:19,2
DA:22,2
DA:31,0
DA:36,2
DA:37,2
DA:38,2
DA:41,2
DA:42,2
DA:45,2
DA:46,2
DA:47,2
DA:50,2
DA:62,2
DA:63,13
DA:64,13
DA:65,13
DA:69,2
DA:72,2
DA:75,2
DA:76,2
DA:77,2
DA:80,2
DA:81,0
DA:85,2
LF:38
LH:36
BRDA:51,0,0,2
BRDA:51,0,1,0
BRF:2
BRH:1
end_of_record
TN:
SF:controllers\auth.controller.js
FN:6,(anonymous_0)
FN:60,(anonymous_1)
FN:90,(anonymous_2)
FN:95,(anonymous_3)
FN:99,(anonymous_4)
FNF:5
FNH:5
FNDA:5,(anonymous_0)
FNDA:5,(anonymous_1)
FNDA:1,(anonymous_2)
FNDA:1,(anonymous_3)
FNDA:1,(anonymous_4)
DA:1,5
DA:2,5
DA:6,5
DA:7,5
DA:19,5
DA:21,5
DA:22,0
DA:28,5
DA:29,5
DA:30,0
DA:36,5
DA:38,5
DA:50,5
DA:52,5
DA:53,0
DA:55,5
DA:60,5
DA:61,5
DA:62,5
DA:63,5
DA:65,5
DA:66,1
DA:72,4
DA:73,4
DA:74,1
DA:80,3
DA:82,3
DA:83,0
DA:85,3
DA:90,5
DA:91,1
DA:92,1
DA:93,1
DA:95,5
DA:96,1
DA:99,5
DA:101,1
DA:106,5
LF:38
LH:34
BRDA:21,0,0,0
BRDA:21,0,1,5
BRDA:21,1,0,5
BRDA:21,1,1,5
BRDA:21,1,2,5
BRDA:21,1,3,5
BRDA:21,1,4,5
BRDA:21,1,5,5
BRDA:21,1,6,5
BRDA:29,2,0,0
BRDA:29,2,1,5
BRDA:52,3,0,0
BRDA:52,3,1,5
BRDA:65,4,0,1
BRDA:65,4,1,4
BRDA:73,5,0,1
BRDA:73,5,1,3
BRDA:82,6,0,0
BRDA:82,6,1,3
BRDA:82,7,0,3
BRDA:82,7,1,3
BRF:21
BRH:17
end_of_record
TN:
SF:controllers\product.controller.js
FN:4,(anonymous_0)
FN:22,(anonymous_1)
FN:42,(anonymous_2)
FN:50,(anonymous_3)
FN:65,(anonymous_4)
FN:88,(anonymous_5)
FN:118,(anonymous_6)
FN:135,(anonymous_7)
FN:154,(anonymous_8)
FNF:9
FNH:6
FNDA:2,(anonymous_0)
FNDA:1,(anonymous_1)
FNDA:0,(anonymous_2)
FNDA:1,(anonymous_3)
FNDA:1,(anonymous_4)
FNDA:1,(anonymous_5)
FNDA:1,(anonymous_6)
FNDA:0,(anonymous_7)
FNDA:0,(anonymous_8)
DA:1,3
DA:4,3
DA:5,2
DA:6,2
DA:8,2
DA:9,2
DA:10,1
DA:19,1
DA:22,3
DA:23,1
DA:24,1
DA:26,1
DA:27,1
DA:28,1
DA:38,0
DA:42,3
DA:43,0
DA:50,3
DA:51,1
DA:52,1
DA:53,0
DA:55,0
DA:60,1
DA:65,3
DA:66,1
DA:67,1
DA:68,1
DA:79,1
DA:80,1
DA:82,0
DA:83,0
DA:88,3
DA:89,1
DA:90,1
DA:92,1
DA:106,1
DA:107,0
DA:110,1
DA:112,0
DA:113,0
DA:118,3
DA:119,1
DA:120,1
DA:122,1
DA:123,1
DA:124,0
DA:127,1
DA:129,0
DA:130,0
DA:135,3
DA:136,0
DA:137,0
DA:139,0
DA:140,0
DA:141,0
DA:143,0
DA:144,0
DA:146,0
DA:148,0
DA:149,0
DA:154,3
DA:155,0
DA:157,0
DA:158,0
DA:159,0
DA:161,0
DA:162,0
DA:164,0
DA:166,0
DA:167,0
DA:171,3
LF:71
LH:40
BRDA:53,0,0,0
BRDA:53,0,1,0
BRDA:75,1,0,1
BRDA:75,1,1,1
BRDA:76,2,0,1
BRDA:76,2,1,1
BRDA:101,3,0,1
BRDA:101,3,1,0
BRDA:106,4,0,0
BRDA:106,4,1,1
BRDA:123,5,0,0
BRDA:123,5,1,1
BRDA:141,6,0,0
BRDA:141,6,1,0
BRDA:159,7,0,0
BRDA:159,7,1,0
BRF:16
BRH:7
end_of_record
TN:
SF:helpers\discount.js
FN:1,(anonymous_0)
FN:7,(anonymous_1)
FNF:2
FNH:2
FNDA:3,(anonymous_0)
FNDA:3,(anonymous_1)
DA:1,3
DA:2,3
DA:3,1
DA:4,2
DA:7,3
DA:8,3
DA:9,3
DA:12,3
LF:8
LH:8
BRDA:2,0,0,1
BRDA:2,0,1,2
BRF:2
BRH:2
end_of_record
TN:
SF:helpers\productFormat.js
FN:1,(anonymous_0)
FNF:1
FNH:1
FNDA:4,(anonymous_0)
DA:1,4
DA:2,3
LF:2
LH:2
BRF:0
BRH:0
end_of_record
TN:
SF:middlewares\auth\isAdmin.js
FN:1,isAdmin
FNF:1
FNH:1
FNDA:4,isAdmin
DA:2,4
DA:3,1
DA:5,3
DA:7,3
LF:4
LH:4
BRDA:2,0,0,1
BRDA:2,0,1,3
BRDA:2,1,0,4
BRDA:2,1,1,3
BRF:4
BRH:4
end_of_record
TN:
SF:middlewares\auth\isAuthenticated.js
FN:1,isAuthenticated
FNF:1
FNH:1
FNDA:6,isAuthenticated
DA:2,6
DA:3,3
DA:7,3
DA:8,2
DA:12,1
DA:15,3
LF:6
LH:6
BRDA:2,0,0,3
BRDA:2,0,1,3
BRDA:7,1,0,2
BRDA:7,1,1,1
BRF:4
BRH:4
end_of_record
TN:
SF:middlewares\auth\isUser.js
FN:1,isUser
FNF:1
FNH:1
FNDA:4,isUser
DA:2,4
DA:3,2
DA:5,2
DA:7,3
LF:4
LH:4
BRDA:2,0,0,2
BRDA:2,0,1,2
BRDA:2,1,0,4
BRDA:2,1,1,3
BRF:4
BRH:4
end_of_record
TN:
SF:middlewares\security\checkPasswordStrength.js
FN:3,checkPasswordStrength
FNF:1
FNH:1
FNDA:5,checkPasswordStrength
DA:1,2
DA:4,5
DA:5,5
DA:6,5
DA:7,1
DA:11,4
DA:13,2
LF:7
LH:7
BRDA:6,0,0,1
BRDA:6,0,1,4
BRF:2
BRH:2
end_of_record
TN:
SF:middlewares\validators\signupValidator.js
FN:10,(anonymous_0)
FN:17,(anonymous_1)
FNF:2
FNH:2
FNDA:14,(anonymous_0)
FNDA:14,(anonymous_1)
DA:1,3
DA:3,3
DA:10,14
DA:18,14
DA:20,14
DA:22,8
DA:25,8
DA:26,8
DA:32,0
DA:38,6
DA:42,3
LF:11
LH:10
BRDA:20,0,0,8
BRDA:20,0,1,6
BRDA:22,1,0,8
BRDA:22,1,1,0
BRDA:25,2,0,8
BRDA:25,2,1,0
BRF:6
BRH:4
end_of_record
TN:
SF:middlewares\validators\validateLogin.js
FN:7,(anonymous_0)
FNF:1
FNH:1
FNDA:7,(anonymous_0)
DA:1,3
DA:3,3
DA:8,7
DA:9,7
DA:10,3
DA:15,4
DA:19,3
LF:7
LH:7
BRDA:9,0,0,3
BRDA:9,0,1,4
BRF:2
BRH:2
end_of_record
TN:
SF:middlewares\validators\validateProduct.js
FN:19,(anonymous_0)
FNF:1
FNH:1
FNDA:5,(anonymous_0)
DA:1,3
DA:3,3
DA:20,5
DA:21,5
DA:22,4
DA:24,4
DA:25,4
DA:31,0
DA:42,1
DA:46,3
LF:10
LH:9
BRDA:21,0,0,4
BRDA:21,0,1,1
BRDA:24,1,0,4
BRDA:24,1,1,0
BRF:4
BRH:3
end_of_record
TN:
SF:models\product.js
FNF:0
FNH:0
DA:1,3
DA:3,3
DA:34,3
LF:3
LH:3
BRF:0
BRH:0
end_of_record
TN:
SF:models\user.js
FNF:0
FNH:0
DA:1,5
DA:3,5
DA:45,5
LF:3
LH:3
BRF:0
BRH:0
end_of_record
TN:
SF:routes\admin.route.js
FNF:0
FNH:0
DA:1,2
DA:2,2
DA:3,2
DA:5,2
DA:6,2
DA:7,2
DA:12,2
DA:13,2
DA:14,2
DA:15,2
DA:16,2
DA:17,2
DA:18,2
DA:19,2
DA:21,2
LF:15
LH:15
BRF:0
BRH:0
end_of_record
TN:
SF:routes\auth.route.js
FN:29,(anonymous_0)
FN:33,(anonymous_1)
FNF:2
FNH:0
FNDA:0,(anonymous_0)
FNDA:0,(anonymous_1)
DA:1,2
DA:8,2
DA:10,2
DA:11,2
DA:12,2
DA:13,2
DA:14,2
DA:15,2
DA:18,2
DA:21,2
DA:22,2
DA:23,2
DA:24,2
DA:25,2
DA:29,2
DA:30,0
DA:33,2
DA:34,0
DA:37,2
LF:19
LH:17
BRF:0
BRH:0
end_of_record
TN:
SF:routes\user.route.js
FNF:0
FNH:0
DA:1,2
DA:2,2
DA:3,2
DA:4,2
DA:5,2
DA:7,2
DA:10,2
LF:7
LH:7
BRF:0
BRH:0
end_of_record
